<?xml version="1.0" encoding="UTF-8"?>
<testng-results ignored="0" total="1" passed="1" failed="0" skipped="0">
  <reporter-output>
  </reporter-output>
  <suite started-at="2025-06-26T15:44:37 IST" name="Surefire suite" finished-at="2025-06-26T15:44:38 IST" duration-ms="148">
    <groups>
    </groups>
    <test started-at="2025-06-26T15:44:37 IST" name="Surefire test" finished-at="2025-06-26T15:44:38 IST" duration-ms="148">
      <class name="NewTest">
        <test-method signature="f()[pri:0, instance:NewTest@72ba28ee]" started-at="2025-06-26T15:44:37 IST" name="f" finished-at="2025-06-26T15:44:38 IST" duration-ms="39" status="PASS">
          <reporter-output>
          </reporter-output>
        </test-method> <!-- f -->
      </class> <!-- NewTest -->
    </test> <!-- Surefire test -->
  </suite> <!-- Surefire suite -->
</testng-results>
