<?xml version="1.0" encoding="UTF-8"?>
<testng-results ignored="10" total="11" passed="1" failed="0" skipped="0">
  <reporter-output>
    <line>
      <![CDATA[openBrowser]]>
    </line>
    <line>
      <![CDATA[login]]>
    </line>
    <line>
      <![CDATA[logout]]>
    </line>
    <line>
      <![CDATA[closeBrowser]]>
    </line>
  </reporter-output>
  <suite started-at="2025-06-26T17:51:15 IST" name="Default suite" finished-at="2025-06-26T17:52:08 IST" duration-ms="52190">
    <groups>
    </groups>
    <test started-at="2025-06-26T17:51:15 IST" name="Default test" finished-at="2025-06-26T17:52:08 IST" duration-ms="52190">
      <class name="com.cng.testscript.TestScript">
        <test-method is-config="true" signature="openBrowser()[pri:0, instance:com.cng.testscript.TestScript@2257fadf]" started-at="2025-06-26T17:51:16 IST" name="openBrowser" finished-at="2025-06-26T17:51:18 IST" duration-ms="2441" status="PASS">
          <reporter-output>
            <line>
              <![CDATA[openBrowser]]>
            </line>
          </reporter-output>
        </test-method> <!-- openBrowser -->
        <test-method is-config="true" signature="login()[pri:0, instance:com.cng.testscript.TestScript@2257fadf]" started-at="2025-06-26T17:51:18 IST" name="login" finished-at="2025-06-26T17:51:23 IST" duration-ms="5253" status="PASS">
          <reporter-output>
            <line>
              <![CDATA[login]]>
            </line>
          </reporter-output>
        </test-method> <!-- login -->
        <test-method signature="testCustomerPage()[pri:0, instance:com.cng.testscript.TestScript@2257fadf]" started-at="2025-06-26T17:51:23 IST" name="testCustomerPage" finished-at="2025-06-26T17:51:58 IST" duration-ms="34800" status="PASS">
          <reporter-output>
          </reporter-output>
        </test-method> <!-- testCustomerPage -->
        <test-method is-config="true" signature="logout(org.testng.ITestResult)[pri:0, instance:com.cng.testscript.TestScript@2257fadf]" started-at="2025-06-26T17:51:58 IST" name="logout" finished-at="2025-06-26T17:52:07 IST" duration-ms="9255" status="PASS">
          <params>
            <param index="0">
              <value>
                <![CDATA[[TestResult name=testCustomerPage status=SUCCESS method=TestScript.testCustomerPage()[pri:0, instance:com.cng.testscript.TestScript@2257fadf] output={null}]]]>
              </value>
            </param>
          </params>
          <reporter-output>
            <line>
              <![CDATA[logout]]>
            </line>
          </reporter-output>
        </test-method> <!-- logout -->
        <test-method is-config="true" signature="closeBrowser()[pri:0, instance:com.cng.testscript.TestScript@2257fadf]" started-at="2025-06-26T17:52:07 IST" name="closeBrowser" finished-at="2025-06-26T17:52:08 IST" duration-ms="125" status="PASS">
          <reporter-output>
            <line>
              <![CDATA[closeBrowser]]>
            </line>
          </reporter-output>
        </test-method> <!-- closeBrowser -->
      </class> <!-- com.cng.testscript.TestScript -->
    </test> <!-- Default test -->
  </suite> <!-- Default suite -->
</testng-results>
