<?xml version="1.0" encoding="UTF-8"?>
<testng-results ignored="5" total="6" passed="1" failed="0" skipped="0">
  <reporter-output>
    <line>
      <![CDATA[openBrowser]]>
    </line>
    <line>
      <![CDATA[login]]>
    </line>
    <line>
      <![CDATA[logout]]>
    </line>
    <line>
      <![CDATA[closeBrowser]]>
    </line>
  </reporter-output>
  <suite started-at="2025-06-30T13:25:52 IST" name="Default suite" finished-at="2025-06-30T13:26:33 IST" duration-ms="40176">
    <groups>
    </groups>
    <test started-at="2025-06-30T13:25:52 IST" name="Default test" finished-at="2025-06-30T13:26:33 IST" duration-ms="40176">
      <class name="com.cng.testscript.Users">
        <test-method is-config="true" signature="openBrowser()[pri:0, instance:com.cng.testscript.Users@191a709b]" started-at="2025-06-30T13:25:53 IST" name="openBrowser" finished-at="2025-06-30T13:25:55 IST" duration-ms="2479" status="PASS">
          <reporter-output>
            <line>
              <![CDATA[openBrowser]]>
            </line>
          </reporter-output>
        </test-method> <!-- openBrowser -->
        <test-method is-config="true" signature="login()[pri:0, instance:com.cng.testscript.Users@191a709b]" started-at="2025-06-30T13:25:55 IST" name="login" finished-at="2025-06-30T13:26:00 IST" duration-ms="4996" status="PASS">
          <reporter-output>
            <line>
              <![CDATA[login]]>
            </line>
          </reporter-output>
        </test-method> <!-- login -->
        <test-method signature="testDuplicateData()[pri:0, instance:com.cng.testscript.Users@191a709b]" started-at="2025-06-30T13:26:00 IST" name="testDuplicateData" finished-at="2025-06-30T13:26:23 IST" duration-ms="22879" status="PASS">
          <reporter-output>
          </reporter-output>
        </test-method> <!-- testDuplicateData -->
        <test-method is-config="true" signature="logout(org.testng.ITestResult)[pri:0, instance:com.cng.testscript.Users@191a709b]" started-at="2025-06-30T13:26:23 IST" name="logout" finished-at="2025-06-30T13:26:32 IST" duration-ms="9403" status="PASS">
          <params>
            <param index="0">
              <value>
                <![CDATA[[TestResult name=testDuplicateData status=SUCCESS method=Users.testDuplicateData()[pri:0, instance:com.cng.testscript.Users@191a709b] output={null}]]]>
              </value>
            </param>
          </params>
          <reporter-output>
            <line>
              <![CDATA[logout]]>
            </line>
          </reporter-output>
        </test-method> <!-- logout -->
        <test-method is-config="true" signature="closeBrowser()[pri:0, instance:com.cng.testscript.Users@191a709b]" started-at="2025-06-30T13:26:32 IST" name="closeBrowser" finished-at="2025-06-30T13:26:33 IST" duration-ms="102" status="PASS">
          <reporter-output>
            <line>
              <![CDATA[closeBrowser]]>
            </line>
          </reporter-output>
        </test-method> <!-- closeBrowser -->
      </class> <!-- com.cng.testscript.Users -->
    </test> <!-- Default test -->
  </suite> <!-- Default suite -->
</testng-results>
