<?xml version="1.0" encoding="UTF-8"?>
<testng-results ignored="4" total="17" passed="13" failed="0" skipped="0">
  <reporter-output>
    <line>
      <![CDATA[openBrowser]]>
    </line>
    <line>
      <![CDATA[login]]>
    </line>
    <line>
      <![CDATA[OutletList]]>
    </line>
    <line>
      <![CDATA[CheckCamerList]]>
    </line>
  </reporter-output>
  <suite started-at="2025-07-28T11:32:54 IST" name="Default suite" finished-at="2025-07-28T11:35:28 IST" duration-ms="154266">
    <groups>
    </groups>
    <test started-at="2025-07-28T11:32:54 IST" name="Default test" finished-at="2025-07-28T11:35:28 IST" duration-ms="154266">
      <class name="com.cng.testscript.TestScript">
        <test-method is-config="true" signature="openBrowser()[pri:0, instance:com.cng.testscript.TestScript@290aeb20]" started-at="2025-07-28T11:32:54 IST" name="openBrowser" finished-at="2025-07-28T11:32:56 IST" duration-ms="2305" status="PASS">
          <reporter-output>
            <line>
              <![CDATA[openBrowser]]>
            </line>
          </reporter-output>
        </test-method> <!-- openBrowser -->
        <test-method is-config="true" signature="login()[pri:0, instance:com.cng.testscript.TestScript@290aeb20]" started-at="2025-07-28T11:32:56 IST" name="login" finished-at="2025-07-28T11:33:01 IST" duration-ms="5148" status="PASS">
          <reporter-output>
            <line>
              <![CDATA[login]]>
            </line>
          </reporter-output>
        </test-method> <!-- login -->
        <test-method signature="checckBrokenImages()[pri:1, instance:com.cng.testscript.TestScript@290aeb20]" started-at="2025-07-28T11:33:01 IST" name="checckBrokenImages" finished-at="2025-07-28T11:33:05 IST" duration-ms="4260" status="PASS">
          <reporter-output>
          </reporter-output>
        </test-method> <!-- checckBrokenImages -->
        <test-method is-config="true" signature="logout(org.testng.ITestResult)[pri:0, instance:com.cng.testscript.TestScript@290aeb20]" started-at="2025-07-28T11:33:06 IST" name="logout" finished-at="2025-07-28T11:33:06 IST" duration-ms="2" status="PASS">
          <params>
            <param index="0">
              <value>
                <![CDATA[[TestResult name=checckBrokenImages status=SUCCESS method=TestScript.checckBrokenImages()[pri:1, instance:com.cng.testscript.TestScript@290aeb20] output={null}]]]>
              </value>
            </param>
          </params>
          <reporter-output>
          </reporter-output>
        </test-method> <!-- logout -->
        <test-method signature="outletStatus()[pri:2, instance:com.cng.testscript.TestScript@290aeb20]" started-at="2025-07-28T11:33:06 IST" name="outletStatus" finished-at="2025-07-28T11:33:18 IST" duration-ms="12219" status="PASS">
          <reporter-output>
            <line>
              <![CDATA[OutletList]]>
            </line>
          </reporter-output>
        </test-method> <!-- outletStatus -->
        <test-method is-config="true" signature="logout(org.testng.ITestResult)[pri:0, instance:com.cng.testscript.TestScript@290aeb20]" started-at="2025-07-28T11:33:18 IST" name="logout" finished-at="2025-07-28T11:33:18 IST" duration-ms="1" status="PASS">
          <params>
            <param index="0">
              <value>
                <![CDATA[[TestResult name=outletStatus status=SUCCESS method=TestScript.outletStatus()[pri:2, instance:com.cng.testscript.TestScript@290aeb20] output=OutletList]]]>
              </value>
            </param>
          </params>
          <reporter-output>
          </reporter-output>
        </test-method> <!-- logout -->
        <test-method signature="cameraStatus()[pri:3, instance:com.cng.testscript.TestScript@290aeb20]" started-at="2025-07-28T11:33:18 IST" name="cameraStatus" finished-at="2025-07-28T11:33:28 IST" duration-ms="10030" status="PASS">
          <reporter-output>
            <line>
              <![CDATA[CheckCamerList]]>
            </line>
          </reporter-output>
        </test-method> <!-- cameraStatus -->
        <test-method is-config="true" signature="logout(org.testng.ITestResult)[pri:0, instance:com.cng.testscript.TestScript@290aeb20]" started-at="2025-07-28T11:33:28 IST" name="logout" finished-at="2025-07-28T11:33:28 IST" duration-ms="1" status="PASS">
          <params>
            <param index="0">
              <value>
                <![CDATA[[TestResult name=cameraStatus status=SUCCESS method=TestScript.cameraStatus()[pri:3, instance:com.cng.testscript.TestScript@290aeb20] output=CheckCamerList]]]>
              </value>
            </param>
          </params>
          <reporter-output>
          </reporter-output>
        </test-method> <!-- logout -->
        <test-method signature="exportData()[pri:4, instance:com.cng.testscript.TestScript@290aeb20]" started-at="2025-07-28T11:33:28 IST" name="exportData" finished-at="2025-07-28T11:33:29 IST" duration-ms="1386" status="PASS">
          <reporter-output>
          </reporter-output>
        </test-method> <!-- exportData -->
        <test-method is-config="true" signature="logout(org.testng.ITestResult)[pri:0, instance:com.cng.testscript.TestScript@290aeb20]" started-at="2025-07-28T11:33:29 IST" name="logout" finished-at="2025-07-28T11:33:29 IST" duration-ms="0" status="PASS">
          <params>
            <param index="0">
              <value>
                <![CDATA[[TestResult name=exportData status=SUCCESS method=TestScript.exportData()[pri:4, instance:com.cng.testscript.TestScript@290aeb20] output={null}]]]>
              </value>
            </param>
          </params>
          <reporter-output>
          </reporter-output>
        </test-method> <!-- logout -->
        <test-method signature="usecaseList()[pri:5, instance:com.cng.testscript.TestScript@290aeb20]" started-at="2025-07-28T11:33:29 IST" name="usecaseList" finished-at="2025-07-28T11:33:30 IST" duration-ms="1150" status="PASS">
          <reporter-output>
          </reporter-output>
        </test-method> <!-- usecaseList -->
        <test-method is-config="true" signature="logout(org.testng.ITestResult)[pri:0, instance:com.cng.testscript.TestScript@290aeb20]" started-at="2025-07-28T11:33:30 IST" name="logout" finished-at="2025-07-28T11:33:30 IST" duration-ms="0" status="PASS">
          <params>
            <param index="0">
              <value>
                <![CDATA[[TestResult name=usecaseList status=SUCCESS method=TestScript.usecaseList()[pri:5, instance:com.cng.testscript.TestScript@290aeb20] output={null}]]]>
              </value>
            </param>
          </params>
          <reporter-output>
          </reporter-output>
        </test-method> <!-- logout -->
        <test-method signature="testCustomerPage()[pri:6, instance:com.cng.testscript.TestScript@290aeb20]" started-at="2025-07-28T11:33:30 IST" name="testCustomerPage" finished-at="2025-07-28T11:34:15 IST" duration-ms="44744" status="PASS">
          <reporter-output>
          </reporter-output>
        </test-method> <!-- testCustomerPage -->
        <test-method is-config="true" signature="logout(org.testng.ITestResult)[pri:0, instance:com.cng.testscript.TestScript@290aeb20]" started-at="2025-07-28T11:34:15 IST" name="logout" finished-at="2025-07-28T11:34:15 IST" duration-ms="0" status="PASS">
          <params>
            <param index="0">
              <value>
                <![CDATA[[TestResult name=testCustomerPage status=SUCCESS method=TestScript.testCustomerPage()[pri:6, instance:com.cng.testscript.TestScript@290aeb20] output={null}]]]>
              </value>
            </param>
          </params>
          <reporter-output>
          </reporter-output>
        </test-method> <!-- logout -->
        <test-method signature="testSitePage()[pri:7, instance:com.cng.testscript.TestScript@290aeb20]" started-at="2025-07-28T11:34:15 IST" name="testSitePage" finished-at="2025-07-28T11:34:27 IST" duration-ms="12032" status="PASS">
          <reporter-output>
          </reporter-output>
        </test-method> <!-- testSitePage -->
        <test-method is-config="true" signature="logout(org.testng.ITestResult)[pri:0, instance:com.cng.testscript.TestScript@290aeb20]" started-at="2025-07-28T11:34:27 IST" name="logout" finished-at="2025-07-28T11:34:27 IST" duration-ms="0" status="PASS">
          <params>
            <param index="0">
              <value>
                <![CDATA[[TestResult name=testSitePage status=SUCCESS method=TestScript.testSitePage()[pri:7, instance:com.cng.testscript.TestScript@290aeb20] output={null}]]]>
              </value>
            </param>
          </params>
          <reporter-output>
          </reporter-output>
        </test-method> <!-- logout -->
        <test-method signature="testReportsPage()[pri:8, instance:com.cng.testscript.TestScript@290aeb20]" started-at="2025-07-28T11:34:27 IST" name="testReportsPage" finished-at="2025-07-28T11:34:38 IST" duration-ms="10793" status="PASS">
          <reporter-output>
          </reporter-output>
        </test-method> <!-- testReportsPage -->
        <test-method is-config="true" signature="logout(org.testng.ITestResult)[pri:0, instance:com.cng.testscript.TestScript@290aeb20]" started-at="2025-07-28T11:34:38 IST" name="logout" finished-at="2025-07-28T11:34:38 IST" duration-ms="0" status="PASS">
          <params>
            <param index="0">
              <value>
                <![CDATA[[TestResult name=testReportsPage status=SUCCESS method=TestScript.testReportsPage()[pri:8, instance:com.cng.testscript.TestScript@290aeb20] output={null}]]]>
              </value>
            </param>
          </params>
          <reporter-output>
          </reporter-output>
        </test-method> <!-- logout -->
        <test-method signature="testUserSessionPage()[pri:9, instance:com.cng.testscript.TestScript@290aeb20]" started-at="2025-07-28T11:34:38 IST" name="testUserSessionPage" finished-at="2025-07-28T11:34:50 IST" duration-ms="12007" status="PASS">
          <reporter-output>
          </reporter-output>
        </test-method> <!-- testUserSessionPage -->
        <test-method is-config="true" signature="logout(org.testng.ITestResult)[pri:0, instance:com.cng.testscript.TestScript@290aeb20]" started-at="2025-07-28T11:34:50 IST" name="logout" finished-at="2025-07-28T11:34:50 IST" duration-ms="0" status="PASS">
          <params>
            <param index="0">
              <value>
                <![CDATA[[TestResult name=testUserSessionPage status=SUCCESS method=TestScript.testUserSessionPage()[pri:9, instance:com.cng.testscript.TestScript@290aeb20] output={null}]]]>
              </value>
            </param>
          </params>
          <reporter-output>
          </reporter-output>
        </test-method> <!-- logout -->
        <test-method signature="testAddUsersPage()[pri:10, instance:com.cng.testscript.TestScript@290aeb20]" started-at="2025-07-28T11:34:50 IST" name="testAddUsersPage" finished-at="2025-07-28T11:35:15 IST" duration-ms="25252" status="PASS">
          <reporter-output>
          </reporter-output>
        </test-method> <!-- testAddUsersPage -->
        <test-method is-config="true" signature="logout(org.testng.ITestResult)[pri:0, instance:com.cng.testscript.TestScript@290aeb20]" started-at="2025-07-28T11:35:15 IST" name="logout" finished-at="2025-07-28T11:35:15 IST" duration-ms="0" status="PASS">
          <params>
            <param index="0">
              <value>
                <![CDATA[[TestResult name=testAddUsersPage status=SUCCESS method=TestScript.testAddUsersPage()[pri:10, instance:com.cng.testscript.TestScript@290aeb20] output={null}]]]>
              </value>
            </param>
          </params>
          <reporter-output>
          </reporter-output>
        </test-method> <!-- logout -->
        <test-method signature="testAssertManagmentPage()[pri:11, instance:com.cng.testscript.TestScript@290aeb20]" started-at="2025-07-28T11:35:15 IST" name="testAssertManagmentPage" finished-at="2025-07-28T11:35:18 IST" duration-ms="2923" status="PASS">
          <reporter-output>
          </reporter-output>
        </test-method> <!-- testAssertManagmentPage -->
        <test-method is-config="true" signature="logout(org.testng.ITestResult)[pri:0, instance:com.cng.testscript.TestScript@290aeb20]" started-at="2025-07-28T11:35:18 IST" name="logout" finished-at="2025-07-28T11:35:18 IST" duration-ms="1" status="PASS">
          <params>
            <param index="0">
              <value>
                <![CDATA[[TestResult name=testAssertManagmentPage status=SUCCESS method=TestScript.testAssertManagmentPage()[pri:11, instance:com.cng.testscript.TestScript@290aeb20] output={null}]]]>
              </value>
            </param>
          </params>
          <reporter-output>
          </reporter-output>
        </test-method> <!-- logout -->
        <test-method signature="testCustomerConfigPage()[pri:12, instance:com.cng.testscript.TestScript@290aeb20]" started-at="2025-07-28T11:35:18 IST" name="testCustomerConfigPage" finished-at="2025-07-28T11:35:18 IST" duration-ms="102" status="PASS">
          <reporter-output>
          </reporter-output>
        </test-method> <!-- testCustomerConfigPage -->
        <test-method is-config="true" signature="logout(org.testng.ITestResult)[pri:0, instance:com.cng.testscript.TestScript@290aeb20]" started-at="2025-07-28T11:35:18 IST" name="logout" finished-at="2025-07-28T11:35:18 IST" duration-ms="0" status="PASS">
          <params>
            <param index="0">
              <value>
                <![CDATA[[TestResult name=testCustomerConfigPage status=SUCCESS method=TestScript.testCustomerConfigPage()[pri:12, instance:com.cng.testscript.TestScript@290aeb20] output={null}]]]>
              </value>
            </param>
          </params>
          <reporter-output>
          </reporter-output>
        </test-method> <!-- logout -->
        <test-method signature="testDatasetManagmentPage()[pri:13, instance:com.cng.testscript.TestScript@290aeb20]" started-at="2025-07-28T11:35:18 IST" name="testDatasetManagmentPage" finished-at="2025-07-28T11:35:23 IST" duration-ms="4475" status="PASS">
          <reporter-output>
          </reporter-output>
        </test-method> <!-- testDatasetManagmentPage -->
        <test-method is-config="true" signature="logout(org.testng.ITestResult)[pri:0, instance:com.cng.testscript.TestScript@290aeb20]" started-at="2025-07-28T11:35:23 IST" name="logout" finished-at="2025-07-28T11:35:23 IST" duration-ms="0" status="PASS">
          <params>
            <param index="0">
              <value>
                <![CDATA[[TestResult name=testDatasetManagmentPage status=SUCCESS method=TestScript.testDatasetManagmentPage()[pri:13, instance:com.cng.testscript.TestScript@290aeb20] output={null}]]]>
              </value>
            </param>
          </params>
          <reporter-output>
          </reporter-output>
        </test-method> <!-- logout -->
        <test-method is-config="true" signature="LogoutCloseBrowser()[pri:0, instance:com.cng.testscript.TestScript@290aeb20]" started-at="2025-07-28T11:35:23 IST" name="LogoutCloseBrowser" finished-at="2025-07-28T11:35:28 IST" duration-ms="5194" status="PASS">
          <reporter-output>
          </reporter-output>
        </test-method> <!-- LogoutCloseBrowser -->
      </class> <!-- com.cng.testscript.TestScript -->
    </test> <!-- Default test -->
  </suite> <!-- Default suite -->
</testng-results>
