<?xml version="1.0" encoding="UTF-8"?>
<testng-results ignored="16" total="17" passed="1" failed="0" skipped="0">
  <reporter-output>
    <line>
      <![CDATA[openBrowser]]>
    </line>
    <line>
      <![CDATA[login]]>
    </line>
    <line>
      <![CDATA[logout]]>
    </line>
    <line>
      <![CDATA[closeBrowser]]>
    </line>
  </reporter-output>
  <suite started-at="2025-07-02T16:07:44 IST" name="Default suite" finished-at="2025-07-02T16:08:16 IST" duration-ms="32137">
    <groups>
    </groups>
    <test started-at="2025-07-02T16:07:44 IST" name="Default test" finished-at="2025-07-02T16:08:16 IST" duration-ms="32137">
      <class name="com.cng.testscript.TestScript">
        <test-method is-config="true" signature="openBrowser()[pri:0, instance:com.cng.testscript.TestScript@14379273]" started-at="2025-07-02T16:07:44 IST" name="openBrowser" finished-at="2025-07-02T16:07:46 IST" duration-ms="2471" status="PASS">
          <reporter-output>
            <line>
              <![CDATA[openBrowser]]>
            </line>
          </reporter-output>
        </test-method> <!-- openBrowser -->
        <test-method is-config="true" signature="login()[pri:0, instance:com.cng.testscript.TestScript@14379273]" started-at="2025-07-02T16:07:46 IST" name="login" finished-at="2025-07-02T16:07:52 IST" duration-ms="5047" status="PASS">
          <reporter-output>
            <line>
              <![CDATA[login]]>
            </line>
          </reporter-output>
        </test-method> <!-- login -->
        <test-method signature="reports()[pri:0, instance:com.cng.testscript.TestScript@14379273]" started-at="2025-07-02T16:07:52 IST" name="reports" finished-at="2025-07-02T16:08:06 IST" duration-ms="14950" status="PASS">
          <reporter-output>
          </reporter-output>
        </test-method> <!-- reports -->
        <test-method is-config="true" signature="logout(org.testng.ITestResult)[pri:0, instance:com.cng.testscript.TestScript@14379273]" started-at="2025-07-02T16:08:06 IST" name="logout" finished-at="2025-07-02T16:08:06 IST" duration-ms="3" status="PASS">
          <params>
            <param index="0">
              <value>
                <![CDATA[[TestResult name=reports status=SUCCESS method=TestScript.reports()[pri:0, instance:com.cng.testscript.TestScript@14379273] output={null}]]]>
              </value>
            </param>
          </params>
          <reporter-output>
          </reporter-output>
        </test-method> <!-- logout -->
        <test-method is-config="true" signature="closeBrowser()[pri:0, instance:com.cng.testscript.TestScript@14379273]" started-at="2025-07-02T16:08:06 IST" name="closeBrowser" finished-at="2025-07-02T16:08:16 IST" duration-ms="9386" status="PASS">
          <reporter-output>
            <line>
              <![CDATA[logout]]>
            </line>
            <line>
              <![CDATA[closeBrowser]]>
            </line>
          </reporter-output>
        </test-method> <!-- closeBrowser -->
      </class> <!-- com.cng.testscript.TestScript -->
    </test> <!-- Default test -->
  </suite> <!-- Default suite -->
</testng-results>
