<?xml version="1.0" encoding="UTF-8"?>
<!-- Generated by org.testng.reporters.JUnitXMLReporter -->
<testsuite ignored="5" hostname="IW" failures="9" tests="12" name="Test" time="58.256" errors="0" timestamp="2025-07-02T16:00:52 IST">
  <testcase classname="com.cng.generic.BaseClass" name="@AfterClass closeBrowser" time="9.07">
    <failure type="org.openqa.selenium.ElementClickInterceptedException" message="element click intercepted: Element &amp;lt;div _ngcontent-doe-c3=&amp;quot;&amp;quot; class=&amp;quot;header-actions&amp;quot;&amp;gt;...&amp;lt;/div&amp;gt; is not clickable at point (1869, 37). Other element would receive the click: &amp;lt;div class=&amp;quot;loader-spinner-wrpr ng-star-inserted&amp;quot;&amp;gt;...&amp;lt;/div&amp;gt;
  (Session info: chrome=137.0.7151.119)
Build info: version: &amp;apos;4.28.1&amp;apos;, revision: &amp;apos;73f5ad48a2&amp;apos;
System info: os.name: &amp;apos;Linux&amp;apos;, os.arch: &amp;apos;amd64&amp;apos;, os.version: &amp;apos;6.8.0-60-generic&amp;apos;, java.version: &amp;apos;11.0.27&amp;apos;
Driver info: org.openqa.selenium.chrome.ChromeDriver
Command: [5c4354d7fa6e8abe7e901509497ef96c, clickElement {id=f.A002039806707D93D34538FE8B5795F6.d.794BD32B574A18BE97123D2271CA3D0B.e.135}]
Capabilities {acceptInsecureCerts: false, browserName: chrome, browserVersion: 137.0.7151.119, chrome: {chromedriverVersion: 137.0.7151.119 (e0ac9d12dff..., userDataDir: /tmp/.org.chromium.Chromium...}, fedcm:accounts: true, goog:chromeOptions: {debuggerAddress: localhost:41347}, networkConnectionEnabled: false, pageLoadStrategy: normal, platformName: linux, proxy: Proxy(), se:cdp: ws://localhost:41347/devtoo..., se:cdpVersion: 137.0.7151.119, setWindowRect: true, strictFileInteractability: false, timeouts: {implicit: 0, pageLoad: 300000, script: 30000}, unhandledPromptBehavior: dismiss and notify, webauthn:extension:credBlob: true, webauthn:extension:largeBlob: true, webauthn:extension:minPinLength: true, webauthn:extension:prf: true, webauthn:virtualAuthenticators: true}
Element: [[ChromeDriver: chrome on linux (5c4354d7fa6e8abe7e901509497ef96c)] -&amp;gt; xpath: //div[@class=&amp;apos;header-actions&amp;apos;]]
Session ID: 5c4354d7fa6e8abe7e901509497ef96c">
      <![CDATA[org.openqa.selenium.ElementClickInterceptedException: element click intercepted: Element <div _ngcontent-doe-c3="" class="header-actions">...</div> is not clickable at point (1869, 37). Other element would receive the click: <div class="loader-spinner-wrpr ng-star-inserted">...</div>
  (Session info: chrome=137.0.7151.119)
Build info: version: '4.28.1', revision: '73f5ad48a2'
System info: os.name: 'Linux', os.arch: 'amd64', os.version: '6.8.0-60-generic', java.version: '11.0.27'
Driver info: org.openqa.selenium.chrome.ChromeDriver
Command: [5c4354d7fa6e8abe7e901509497ef96c, clickElement {id=f.A002039806707D93D34538FE8B5795F6.d.794BD32B574A18BE97123D2271CA3D0B.e.135}]
Capabilities {acceptInsecureCerts: false, browserName: chrome, browserVersion: 137.0.7151.119, chrome: {chromedriverVersion: 137.0.7151.119 (e0ac9d12dff..., userDataDir: /tmp/.org.chromium.Chromium...}, fedcm:accounts: true, goog:chromeOptions: {debuggerAddress: localhost:41347}, networkConnectionEnabled: false, pageLoadStrategy: normal, platformName: linux, proxy: Proxy(), se:cdp: ws://localhost:41347/devtoo..., se:cdpVersion: 137.0.7151.119, setWindowRect: true, strictFileInteractability: false, timeouts: {implicit: 0, pageLoad: 300000, script: 30000}, unhandledPromptBehavior: dismiss and notify, webauthn:extension:credBlob: true, webauthn:extension:largeBlob: true, webauthn:extension:minPinLength: true, webauthn:extension:prf: true, webauthn:virtualAuthenticators: true}
Element: [[ChromeDriver: chrome on linux (5c4354d7fa6e8abe7e901509497ef96c)] -> xpath: //div[@class='header-actions']]
Session ID: 5c4354d7fa6e8abe7e901509497ef96c
at org.openqa.selenium.remote.ErrorCodec.decode(ErrorCodec.java:167)
at org.openqa.selenium.remote.codec.w3c.W3CHttpResponseCodec.decode(W3CHttpResponseCodec.java:138)
at org.openqa.selenium.remote.codec.w3c.W3CHttpResponseCodec.decode(W3CHttpResponseCodec.java:50)
at org.openqa.selenium.remote.HttpCommandExecutor.execute(HttpCommandExecutor.java:215)
at org.openqa.selenium.remote.service.DriverCommandExecutor.invokeExecute(DriverCommandExecutor.java:216)
at org.openqa.selenium.remote.service.DriverCommandExecutor.execute(DriverCommandExecutor.java:174)
at org.openqa.selenium.remote.RemoteWebDriver.execute(RemoteWebDriver.java:545)
at org.openqa.selenium.remote.RemoteWebElement.execute(RemoteWebElement.java:223)
at org.openqa.selenium.remote.RemoteWebElement.click(RemoteWebElement.java:76)
at org.openqa.selenium.support.pagefactory.internal.LocatingElementHandler.invoke(LocatingElementHandler.java:51)
at com.sun.proxy.$Proxy23.click(Unknown Source)
at com.cng.pom.HomePage.setLogout(HomePage.java:32)
at com.cng.generic.BaseClass.closeBrowser(BaseClass.java:99)
at java.base/java.util.ArrayList.forEach(ArrayList.java:1541)
... Removed 33 stack frames]]>
    </failure>
  </testcase> <!-- @AfterClass closeBrowser -->
  <testcase classname="com.cng.testscript.TestScript" name="cameraStatus" time="20.809"/>
  <testcase classname="com.cng.testscript.TestScript" name="dummy" time="3.012"/>
  <testcase classname="com.cng.testscript.TestScript" name="exportData" time="1.423"/>
  <testcase classname="com.cng.testscript.TestScript" name="outletStatus" time="3.081">
    <failure type="org.openqa.selenium.ElementClickInterceptedException" message="element click intercepted: Element &amp;lt;div _ngcontent-doe-c16=&amp;quot;&amp;quot; class=&amp;quot;status-text&amp;quot;&amp;gt;...&amp;lt;/div&amp;gt; is not clickable at point (166, 222). Other element would receive the click: &amp;lt;div class=&amp;quot;loader-spinner-wrpr ng-star-inserted&amp;quot;&amp;gt;...&amp;lt;/div&amp;gt;
  (Session info: chrome=137.0.7151.119)
Build info: version: &amp;apos;4.28.1&amp;apos;, revision: &amp;apos;73f5ad48a2&amp;apos;
System info: os.name: &amp;apos;Linux&amp;apos;, os.arch: &amp;apos;amd64&amp;apos;, os.version: &amp;apos;6.8.0-60-generic&amp;apos;, java.version: &amp;apos;11.0.27&amp;apos;
Driver info: org.openqa.selenium.chrome.ChromeDriver
Command: [5c4354d7fa6e8abe7e901509497ef96c, clickElement {id=f.A002039806707D93D34538FE8B5795F6.d.794BD32B574A18BE97123D2271CA3D0B.e.106}]
Capabilities {acceptInsecureCerts: false, browserName: chrome, browserVersion: 137.0.7151.119, chrome: {chromedriverVersion: 137.0.7151.119 (e0ac9d12dff..., userDataDir: /tmp/.org.chromium.Chromium...}, fedcm:accounts: true, goog:chromeOptions: {debuggerAddress: localhost:41347}, networkConnectionEnabled: false, pageLoadStrategy: normal, platformName: linux, proxy: Proxy(), se:cdp: ws://localhost:41347/devtoo..., se:cdpVersion: 137.0.7151.119, setWindowRect: true, strictFileInteractability: false, timeouts: {implicit: 0, pageLoad: 300000, script: 30000}, unhandledPromptBehavior: dismiss and notify, webauthn:extension:credBlob: true, webauthn:extension:largeBlob: true, webauthn:extension:minPinLength: true, webauthn:extension:prf: true, webauthn:virtualAuthenticators: true}
Element: [[ChromeDriver: chrome on linux (5c4354d7fa6e8abe7e901509497ef96c)] -&amp;gt; xpath: //div[text()=&amp;apos;Outlet Status&amp;apos;]]
Session ID: 5c4354d7fa6e8abe7e901509497ef96c">
      <![CDATA[org.openqa.selenium.ElementClickInterceptedException: element click intercepted: Element <div _ngcontent-doe-c16="" class="status-text">...</div> is not clickable at point (166, 222). Other element would receive the click: <div class="loader-spinner-wrpr ng-star-inserted">...</div>
  (Session info: chrome=137.0.7151.119)
Build info: version: '4.28.1', revision: '73f5ad48a2'
System info: os.name: 'Linux', os.arch: 'amd64', os.version: '6.8.0-60-generic', java.version: '11.0.27'
Driver info: org.openqa.selenium.chrome.ChromeDriver
Command: [5c4354d7fa6e8abe7e901509497ef96c, clickElement {id=f.A002039806707D93D34538FE8B5795F6.d.794BD32B574A18BE97123D2271CA3D0B.e.106}]
Capabilities {acceptInsecureCerts: false, browserName: chrome, browserVersion: 137.0.7151.119, chrome: {chromedriverVersion: 137.0.7151.119 (e0ac9d12dff..., userDataDir: /tmp/.org.chromium.Chromium...}, fedcm:accounts: true, goog:chromeOptions: {debuggerAddress: localhost:41347}, networkConnectionEnabled: false, pageLoadStrategy: normal, platformName: linux, proxy: Proxy(), se:cdp: ws://localhost:41347/devtoo..., se:cdpVersion: 137.0.7151.119, setWindowRect: true, strictFileInteractability: false, timeouts: {implicit: 0, pageLoad: 300000, script: 30000}, unhandledPromptBehavior: dismiss and notify, webauthn:extension:credBlob: true, webauthn:extension:largeBlob: true, webauthn:extension:minPinLength: true, webauthn:extension:prf: true, webauthn:virtualAuthenticators: true}
Element: [[ChromeDriver: chrome on linux (5c4354d7fa6e8abe7e901509497ef96c)] -> xpath: //div[text()='Outlet Status']]
Session ID: 5c4354d7fa6e8abe7e901509497ef96c
at org.openqa.selenium.remote.ErrorCodec.decode(ErrorCodec.java:167)
at org.openqa.selenium.remote.codec.w3c.W3CHttpResponseCodec.decode(W3CHttpResponseCodec.java:138)
at org.openqa.selenium.remote.codec.w3c.W3CHttpResponseCodec.decode(W3CHttpResponseCodec.java:50)
at org.openqa.selenium.remote.HttpCommandExecutor.execute(HttpCommandExecutor.java:215)
at org.openqa.selenium.remote.service.DriverCommandExecutor.invokeExecute(DriverCommandExecutor.java:216)
at org.openqa.selenium.remote.service.DriverCommandExecutor.execute(DriverCommandExecutor.java:174)
at org.openqa.selenium.remote.RemoteWebDriver.execute(RemoteWebDriver.java:545)
at org.openqa.selenium.remote.RemoteWebElement.execute(RemoteWebElement.java:223)
at org.openqa.selenium.remote.RemoteWebElement.click(RemoteWebElement.java:76)
at org.openqa.selenium.support.pagefactory.internal.LocatingElementHandler.invoke(LocatingElementHandler.java:51)
at com.sun.proxy.$Proxy23.click(Unknown Source)
at com.cng.pom.ConsolidateDashboardPage.setoutletList(ConsolidateDashboardPage.java:58)
at com.cng.testscript.TestScript.outletStatus(TestScript.java:84)
at java.base/java.util.ArrayList.forEach(ArrayList.java:1541)
... Removed 35 stack frames]]>
    </failure>
  </testcase> <!-- outletStatus -->
  <testcase classname="com.cng.testscript.TestScript" name="reports" time="1.078">
    <failure type="org.openqa.selenium.ElementClickInterceptedException" message="element click intercepted: Element &amp;lt;clr-icon _ngcontent-doe-c4=&amp;quot;&amp;quot; class=&amp;quot;nav-icon&amp;quot; clrverticalnavicon=&amp;quot;&amp;quot; role=&amp;quot;none&amp;quot; shape=&amp;quot;clipboard&amp;quot; title=&amp;quot;Reports&amp;quot;&amp;gt;...&amp;lt;/clr-icon&amp;gt; is not clickable at point (23, 242). Other element would receive the click: &amp;lt;div class=&amp;quot;loader-spinner-wrpr ng-star-inserted&amp;quot;&amp;gt;...&amp;lt;/div&amp;gt;
  (Session info: chrome=137.0.7151.119)
Build info: version: &amp;apos;4.28.1&amp;apos;, revision: &amp;apos;73f5ad48a2&amp;apos;
System info: os.name: &amp;apos;Linux&amp;apos;, os.arch: &amp;apos;amd64&amp;apos;, os.version: &amp;apos;6.8.0-60-generic&amp;apos;, java.version: &amp;apos;11.0.27&amp;apos;
Driver info: org.openqa.selenium.chrome.ChromeDriver
Command: [5c4354d7fa6e8abe7e901509497ef96c, clickElement {id=f.A002039806707D93D34538FE8B5795F6.d.794BD32B574A18BE97123D2271CA3D0B.e.110}]
Capabilities {acceptInsecureCerts: false, browserName: chrome, browserVersion: 137.0.7151.119, chrome: {chromedriverVersion: 137.0.7151.119 (e0ac9d12dff..., userDataDir: /tmp/.org.chromium.Chromium...}, fedcm:accounts: true, goog:chromeOptions: {debuggerAddress: localhost:41347}, networkConnectionEnabled: false, pageLoadStrategy: normal, platformName: linux, proxy: Proxy(), se:cdp: ws://localhost:41347/devtoo..., se:cdpVersion: 137.0.7151.119, setWindowRect: true, strictFileInteractability: false, timeouts: {implicit: 0, pageLoad: 300000, script: 30000}, unhandledPromptBehavior: dismiss and notify, webauthn:extension:credBlob: true, webauthn:extension:largeBlob: true, webauthn:extension:minPinLength: true, webauthn:extension:prf: true, webauthn:virtualAuthenticators: true}
Element: [[ChromeDriver: chrome on linux (5c4354d7fa6e8abe7e901509497ef96c)] -&amp;gt; xpath: //clr-icon[@title=&amp;apos;Reports&amp;apos;]]
Session ID: 5c4354d7fa6e8abe7e901509497ef96c">
      <![CDATA[org.openqa.selenium.ElementClickInterceptedException: element click intercepted: Element <clr-icon _ngcontent-doe-c4="" class="nav-icon" clrverticalnavicon="" role="none" shape="clipboard" title="Reports">...</clr-icon> is not clickable at point (23, 242). Other element would receive the click: <div class="loader-spinner-wrpr ng-star-inserted">...</div>
  (Session info: chrome=137.0.7151.119)
Build info: version: '4.28.1', revision: '73f5ad48a2'
System info: os.name: 'Linux', os.arch: 'amd64', os.version: '6.8.0-60-generic', java.version: '11.0.27'
Driver info: org.openqa.selenium.chrome.ChromeDriver
Command: [5c4354d7fa6e8abe7e901509497ef96c, clickElement {id=f.A002039806707D93D34538FE8B5795F6.d.794BD32B574A18BE97123D2271CA3D0B.e.110}]
Capabilities {acceptInsecureCerts: false, browserName: chrome, browserVersion: 137.0.7151.119, chrome: {chromedriverVersion: 137.0.7151.119 (e0ac9d12dff..., userDataDir: /tmp/.org.chromium.Chromium...}, fedcm:accounts: true, goog:chromeOptions: {debuggerAddress: localhost:41347}, networkConnectionEnabled: false, pageLoadStrategy: normal, platformName: linux, proxy: Proxy(), se:cdp: ws://localhost:41347/devtoo..., se:cdpVersion: 137.0.7151.119, setWindowRect: true, strictFileInteractability: false, timeouts: {implicit: 0, pageLoad: 300000, script: 30000}, unhandledPromptBehavior: dismiss and notify, webauthn:extension:credBlob: true, webauthn:extension:largeBlob: true, webauthn:extension:minPinLength: true, webauthn:extension:prf: true, webauthn:virtualAuthenticators: true}
Element: [[ChromeDriver: chrome on linux (5c4354d7fa6e8abe7e901509497ef96c)] -> xpath: //clr-icon[@title='Reports']]
Session ID: 5c4354d7fa6e8abe7e901509497ef96c
at org.openqa.selenium.remote.ErrorCodec.decode(ErrorCodec.java:167)
at org.openqa.selenium.remote.codec.w3c.W3CHttpResponseCodec.decode(W3CHttpResponseCodec.java:138)
at org.openqa.selenium.remote.codec.w3c.W3CHttpResponseCodec.decode(W3CHttpResponseCodec.java:50)
at org.openqa.selenium.remote.HttpCommandExecutor.execute(HttpCommandExecutor.java:215)
at org.openqa.selenium.remote.service.DriverCommandExecutor.invokeExecute(DriverCommandExecutor.java:216)
at org.openqa.selenium.remote.service.DriverCommandExecutor.execute(DriverCommandExecutor.java:174)
at org.openqa.selenium.remote.RemoteWebDriver.execute(RemoteWebDriver.java:545)
at org.openqa.selenium.remote.RemoteWebElement.execute(RemoteWebElement.java:223)
at org.openqa.selenium.remote.RemoteWebElement.click(RemoteWebElement.java:76)
at org.openqa.selenium.support.pagefactory.internal.LocatingElementHandler.invoke(LocatingElementHandler.java:51)
at com.sun.proxy.$Proxy23.click(Unknown Source)
at com.cng.pom.ReportPage.setReport(ReportPage.java:66)
at com.cng.testscript.TestScript.reports(TestScript.java:172)
at java.base/java.util.ArrayList.forEach(ArrayList.java:1541)
... Removed 34 stack frames]]>
    </failure>
  </testcase> <!-- reports -->
  <testcase classname="com.cng.testscript.TestScript" name="testAssertManagmentPage" time="1.075">
    <failure type="org.openqa.selenium.ElementClickInterceptedException" message="element click intercepted: Element &amp;lt;clr-icon _ngcontent-doe-c4=&amp;quot;&amp;quot; class=&amp;quot;nav-icon&amp;quot; clrverticalnavicon=&amp;quot;&amp;quot; role=&amp;quot;none&amp;quot; shape=&amp;quot;objects&amp;quot; title=&amp;quot;Asset Management&amp;quot;&amp;gt;...&amp;lt;/clr-icon&amp;gt; is not clickable at point (23, 194). Other element would receive the click: &amp;lt;div class=&amp;quot;loader-spinner-wrpr ng-star-inserted&amp;quot;&amp;gt;...&amp;lt;/div&amp;gt;
  (Session info: chrome=137.0.7151.119)
Build info: version: &amp;apos;4.28.1&amp;apos;, revision: &amp;apos;73f5ad48a2&amp;apos;
System info: os.name: &amp;apos;Linux&amp;apos;, os.arch: &amp;apos;amd64&amp;apos;, os.version: &amp;apos;6.8.0-60-generic&amp;apos;, java.version: &amp;apos;11.0.27&amp;apos;
Driver info: org.openqa.selenium.chrome.ChromeDriver
Command: [5c4354d7fa6e8abe7e901509497ef96c, clickElement {id=f.A002039806707D93D34538FE8B5795F6.d.794BD32B574A18BE97123D2271CA3D0B.e.111}]
Capabilities {acceptInsecureCerts: false, browserName: chrome, browserVersion: 137.0.7151.119, chrome: {chromedriverVersion: 137.0.7151.119 (e0ac9d12dff..., userDataDir: /tmp/.org.chromium.Chromium...}, fedcm:accounts: true, goog:chromeOptions: {debuggerAddress: localhost:41347}, networkConnectionEnabled: false, pageLoadStrategy: normal, platformName: linux, proxy: Proxy(), se:cdp: ws://localhost:41347/devtoo..., se:cdpVersion: 137.0.7151.119, setWindowRect: true, strictFileInteractability: false, timeouts: {implicit: 0, pageLoad: 300000, script: 30000}, unhandledPromptBehavior: dismiss and notify, webauthn:extension:credBlob: true, webauthn:extension:largeBlob: true, webauthn:extension:minPinLength: true, webauthn:extension:prf: true, webauthn:virtualAuthenticators: true}
Element: [[ChromeDriver: chrome on linux (5c4354d7fa6e8abe7e901509497ef96c)] -&amp;gt; xpath: //clr-icon[@title=&amp;apos;Asset Management&amp;apos;]]
Session ID: 5c4354d7fa6e8abe7e901509497ef96c">
      <![CDATA[org.openqa.selenium.ElementClickInterceptedException: element click intercepted: Element <clr-icon _ngcontent-doe-c4="" class="nav-icon" clrverticalnavicon="" role="none" shape="objects" title="Asset Management">...</clr-icon> is not clickable at point (23, 194). Other element would receive the click: <div class="loader-spinner-wrpr ng-star-inserted">...</div>
  (Session info: chrome=137.0.7151.119)
Build info: version: '4.28.1', revision: '73f5ad48a2'
System info: os.name: 'Linux', os.arch: 'amd64', os.version: '6.8.0-60-generic', java.version: '11.0.27'
Driver info: org.openqa.selenium.chrome.ChromeDriver
Command: [5c4354d7fa6e8abe7e901509497ef96c, clickElement {id=f.A002039806707D93D34538FE8B5795F6.d.794BD32B574A18BE97123D2271CA3D0B.e.111}]
Capabilities {acceptInsecureCerts: false, browserName: chrome, browserVersion: 137.0.7151.119, chrome: {chromedriverVersion: 137.0.7151.119 (e0ac9d12dff..., userDataDir: /tmp/.org.chromium.Chromium...}, fedcm:accounts: true, goog:chromeOptions: {debuggerAddress: localhost:41347}, networkConnectionEnabled: false, pageLoadStrategy: normal, platformName: linux, proxy: Proxy(), se:cdp: ws://localhost:41347/devtoo..., se:cdpVersion: 137.0.7151.119, setWindowRect: true, strictFileInteractability: false, timeouts: {implicit: 0, pageLoad: 300000, script: 30000}, unhandledPromptBehavior: dismiss and notify, webauthn:extension:credBlob: true, webauthn:extension:largeBlob: true, webauthn:extension:minPinLength: true, webauthn:extension:prf: true, webauthn:virtualAuthenticators: true}
Element: [[ChromeDriver: chrome on linux (5c4354d7fa6e8abe7e901509497ef96c)] -> xpath: //clr-icon[@title='Asset Management']]
Session ID: 5c4354d7fa6e8abe7e901509497ef96c
at org.openqa.selenium.remote.ErrorCodec.decode(ErrorCodec.java:167)
at org.openqa.selenium.remote.codec.w3c.W3CHttpResponseCodec.decode(W3CHttpResponseCodec.java:138)
at org.openqa.selenium.remote.codec.w3c.W3CHttpResponseCodec.decode(W3CHttpResponseCodec.java:50)
at org.openqa.selenium.remote.HttpCommandExecutor.execute(HttpCommandExecutor.java:215)
at org.openqa.selenium.remote.service.DriverCommandExecutor.invokeExecute(DriverCommandExecutor.java:216)
at org.openqa.selenium.remote.service.DriverCommandExecutor.execute(DriverCommandExecutor.java:174)
at org.openqa.selenium.remote.RemoteWebDriver.execute(RemoteWebDriver.java:545)
at org.openqa.selenium.remote.RemoteWebElement.execute(RemoteWebElement.java:223)
at org.openqa.selenium.remote.RemoteWebElement.click(RemoteWebElement.java:76)
at org.openqa.selenium.support.pagefactory.internal.LocatingElementHandler.invoke(LocatingElementHandler.java:51)
at com.sun.proxy.$Proxy23.click(Unknown Source)
at com.cng.pom.AssertManagmentPage.setAssertManagment(AssertManagmentPage.java:25)
at com.cng.testscript.TestScript.testAssertManagmentPage(TestScript.java:285)
at java.base/java.util.ArrayList.forEach(ArrayList.java:1541)
... Removed 34 stack frames]]>
    </failure>
  </testcase> <!-- testAssertManagmentPage -->
  <testcase classname="com.cng.testscript.TestScript" name="testCustomerConfigPage" time="1.083">
    <failure type="org.openqa.selenium.ElementClickInterceptedException" message="element click intercepted: Element &amp;lt;clr-icon _ngcontent-doe-c4=&amp;quot;&amp;quot; class=&amp;quot;nav-icon&amp;quot; clrverticalnavicon=&amp;quot;&amp;quot; role=&amp;quot;none&amp;quot; shape=&amp;quot;administrator&amp;quot; title=&amp;quot;Customer Config&amp;quot;&amp;gt;...&amp;lt;/clr-icon&amp;gt; is not clickable at point (23, 626). Other element would receive the click: &amp;lt;div class=&amp;quot;loader-spinner-wrpr ng-star-inserted&amp;quot;&amp;gt;...&amp;lt;/div&amp;gt;
  (Session info: chrome=137.0.7151.119)
Build info: version: &amp;apos;4.28.1&amp;apos;, revision: &amp;apos;73f5ad48a2&amp;apos;
System info: os.name: &amp;apos;Linux&amp;apos;, os.arch: &amp;apos;amd64&amp;apos;, os.version: &amp;apos;6.8.0-60-generic&amp;apos;, java.version: &amp;apos;11.0.27&amp;apos;
Driver info: org.openqa.selenium.chrome.ChromeDriver
Command: [5c4354d7fa6e8abe7e901509497ef96c, clickElement {id=f.A002039806707D93D34538FE8B5795F6.d.794BD32B574A18BE97123D2271CA3D0B.e.112}]
Capabilities {acceptInsecureCerts: false, browserName: chrome, browserVersion: 137.0.7151.119, chrome: {chromedriverVersion: 137.0.7151.119 (e0ac9d12dff..., userDataDir: /tmp/.org.chromium.Chromium...}, fedcm:accounts: true, goog:chromeOptions: {debuggerAddress: localhost:41347}, networkConnectionEnabled: false, pageLoadStrategy: normal, platformName: linux, proxy: Proxy(), se:cdp: ws://localhost:41347/devtoo..., se:cdpVersion: 137.0.7151.119, setWindowRect: true, strictFileInteractability: false, timeouts: {implicit: 0, pageLoad: 300000, script: 30000}, unhandledPromptBehavior: dismiss and notify, webauthn:extension:credBlob: true, webauthn:extension:largeBlob: true, webauthn:extension:minPinLength: true, webauthn:extension:prf: true, webauthn:virtualAuthenticators: true}
Element: [[ChromeDriver: chrome on linux (5c4354d7fa6e8abe7e901509497ef96c)] -&amp;gt; xpath: //clr-icon[@title=&amp;apos;Customer Config&amp;apos;]]
Session ID: 5c4354d7fa6e8abe7e901509497ef96c">
      <![CDATA[org.openqa.selenium.ElementClickInterceptedException: element click intercepted: Element <clr-icon _ngcontent-doe-c4="" class="nav-icon" clrverticalnavicon="" role="none" shape="administrator" title="Customer Config">...</clr-icon> is not clickable at point (23, 626). Other element would receive the click: <div class="loader-spinner-wrpr ng-star-inserted">...</div>
  (Session info: chrome=137.0.7151.119)
Build info: version: '4.28.1', revision: '73f5ad48a2'
System info: os.name: 'Linux', os.arch: 'amd64', os.version: '6.8.0-60-generic', java.version: '11.0.27'
Driver info: org.openqa.selenium.chrome.ChromeDriver
Command: [5c4354d7fa6e8abe7e901509497ef96c, clickElement {id=f.A002039806707D93D34538FE8B5795F6.d.794BD32B574A18BE97123D2271CA3D0B.e.112}]
Capabilities {acceptInsecureCerts: false, browserName: chrome, browserVersion: 137.0.7151.119, chrome: {chromedriverVersion: 137.0.7151.119 (e0ac9d12dff..., userDataDir: /tmp/.org.chromium.Chromium...}, fedcm:accounts: true, goog:chromeOptions: {debuggerAddress: localhost:41347}, networkConnectionEnabled: false, pageLoadStrategy: normal, platformName: linux, proxy: Proxy(), se:cdp: ws://localhost:41347/devtoo..., se:cdpVersion: 137.0.7151.119, setWindowRect: true, strictFileInteractability: false, timeouts: {implicit: 0, pageLoad: 300000, script: 30000}, unhandledPromptBehavior: dismiss and notify, webauthn:extension:credBlob: true, webauthn:extension:largeBlob: true, webauthn:extension:minPinLength: true, webauthn:extension:prf: true, webauthn:virtualAuthenticators: true}
Element: [[ChromeDriver: chrome on linux (5c4354d7fa6e8abe7e901509497ef96c)] -> xpath: //clr-icon[@title='Customer Config']]
Session ID: 5c4354d7fa6e8abe7e901509497ef96c
at org.openqa.selenium.remote.ErrorCodec.decode(ErrorCodec.java:167)
at org.openqa.selenium.remote.codec.w3c.W3CHttpResponseCodec.decode(W3CHttpResponseCodec.java:138)
at org.openqa.selenium.remote.codec.w3c.W3CHttpResponseCodec.decode(W3CHttpResponseCodec.java:50)
at org.openqa.selenium.remote.HttpCommandExecutor.execute(HttpCommandExecutor.java:215)
at org.openqa.selenium.remote.service.DriverCommandExecutor.invokeExecute(DriverCommandExecutor.java:216)
at org.openqa.selenium.remote.service.DriverCommandExecutor.execute(DriverCommandExecutor.java:174)
at org.openqa.selenium.remote.RemoteWebDriver.execute(RemoteWebDriver.java:545)
at org.openqa.selenium.remote.RemoteWebElement.execute(RemoteWebElement.java:223)
at org.openqa.selenium.remote.RemoteWebElement.click(RemoteWebElement.java:76)
at org.openqa.selenium.support.pagefactory.internal.LocatingElementHandler.invoke(LocatingElementHandler.java:51)
at com.sun.proxy.$Proxy23.click(Unknown Source)
at com.cng.pom.CustomerConfigPage.customerCongif(CustomerConfigPage.java:23)
at com.cng.testscript.TestScript.testCustomerConfigPage(TestScript.java:296)
at java.base/java.util.ArrayList.forEach(ArrayList.java:1541)
... Removed 34 stack frames]]>
    </failure>
  </testcase> <!-- testCustomerConfigPage -->
  <testcase classname="com.cng.testscript.TestScript" name="testCustomerPage" time="4.074">
    <failure type="org.openqa.selenium.ElementClickInterceptedException" message="element click intercepted: Element &amp;lt;clr-icon _ngcontent-doe-c4=&amp;quot;&amp;quot; class=&amp;quot;nav-icon&amp;quot; clrverticalnavicon=&amp;quot;&amp;quot; role=&amp;quot;none&amp;quot; shape=&amp;quot;building&amp;quot; title=&amp;quot;Customers&amp;quot;&amp;gt;...&amp;lt;/clr-icon&amp;gt; is not clickable at point (23, 290). Other element would receive the click: &amp;lt;div class=&amp;quot;loader-spinner-wrpr ng-star-inserted&amp;quot;&amp;gt;...&amp;lt;/div&amp;gt;
  (Session info: chrome=137.0.7151.119)
Build info: version: &amp;apos;4.28.1&amp;apos;, revision: &amp;apos;73f5ad48a2&amp;apos;
System info: os.name: &amp;apos;Linux&amp;apos;, os.arch: &amp;apos;amd64&amp;apos;, os.version: &amp;apos;6.8.0-60-generic&amp;apos;, java.version: &amp;apos;11.0.27&amp;apos;
Driver info: org.openqa.selenium.chrome.ChromeDriver
Command: [5c4354d7fa6e8abe7e901509497ef96c, clickElement {id=f.A002039806707D93D34538FE8B5795F6.d.794BD32B574A18BE97123D2271CA3D0B.e.113}]
Capabilities {acceptInsecureCerts: false, browserName: chrome, browserVersion: 137.0.7151.119, chrome: {chromedriverVersion: 137.0.7151.119 (e0ac9d12dff..., userDataDir: /tmp/.org.chromium.Chromium...}, fedcm:accounts: true, goog:chromeOptions: {debuggerAddress: localhost:41347}, networkConnectionEnabled: false, pageLoadStrategy: normal, platformName: linux, proxy: Proxy(), se:cdp: ws://localhost:41347/devtoo..., se:cdpVersion: 137.0.7151.119, setWindowRect: true, strictFileInteractability: false, timeouts: {implicit: 0, pageLoad: 300000, script: 30000}, unhandledPromptBehavior: dismiss and notify, webauthn:extension:credBlob: true, webauthn:extension:largeBlob: true, webauthn:extension:minPinLength: true, webauthn:extension:prf: true, webauthn:virtualAuthenticators: true}
Element: [[ChromeDriver: chrome on linux (5c4354d7fa6e8abe7e901509497ef96c)] -&amp;gt; xpath: //clr-icon[@title=&amp;apos;Customers&amp;apos;]]
Session ID: 5c4354d7fa6e8abe7e901509497ef96c">
      <![CDATA[org.openqa.selenium.ElementClickInterceptedException: element click intercepted: Element <clr-icon _ngcontent-doe-c4="" class="nav-icon" clrverticalnavicon="" role="none" shape="building" title="Customers">...</clr-icon> is not clickable at point (23, 290). Other element would receive the click: <div class="loader-spinner-wrpr ng-star-inserted">...</div>
  (Session info: chrome=137.0.7151.119)
Build info: version: '4.28.1', revision: '73f5ad48a2'
System info: os.name: 'Linux', os.arch: 'amd64', os.version: '6.8.0-60-generic', java.version: '11.0.27'
Driver info: org.openqa.selenium.chrome.ChromeDriver
Command: [5c4354d7fa6e8abe7e901509497ef96c, clickElement {id=f.A002039806707D93D34538FE8B5795F6.d.794BD32B574A18BE97123D2271CA3D0B.e.113}]
Capabilities {acceptInsecureCerts: false, browserName: chrome, browserVersion: 137.0.7151.119, chrome: {chromedriverVersion: 137.0.7151.119 (e0ac9d12dff..., userDataDir: /tmp/.org.chromium.Chromium...}, fedcm:accounts: true, goog:chromeOptions: {debuggerAddress: localhost:41347}, networkConnectionEnabled: false, pageLoadStrategy: normal, platformName: linux, proxy: Proxy(), se:cdp: ws://localhost:41347/devtoo..., se:cdpVersion: 137.0.7151.119, setWindowRect: true, strictFileInteractability: false, timeouts: {implicit: 0, pageLoad: 300000, script: 30000}, unhandledPromptBehavior: dismiss and notify, webauthn:extension:credBlob: true, webauthn:extension:largeBlob: true, webauthn:extension:minPinLength: true, webauthn:extension:prf: true, webauthn:virtualAuthenticators: true}
Element: [[ChromeDriver: chrome on linux (5c4354d7fa6e8abe7e901509497ef96c)] -> xpath: //clr-icon[@title='Customers']]
Session ID: 5c4354d7fa6e8abe7e901509497ef96c
at org.openqa.selenium.remote.ErrorCodec.decode(ErrorCodec.java:167)
at org.openqa.selenium.remote.codec.w3c.W3CHttpResponseCodec.decode(W3CHttpResponseCodec.java:138)
at org.openqa.selenium.remote.codec.w3c.W3CHttpResponseCodec.decode(W3CHttpResponseCodec.java:50)
at org.openqa.selenium.remote.HttpCommandExecutor.execute(HttpCommandExecutor.java:215)
at org.openqa.selenium.remote.service.DriverCommandExecutor.invokeExecute(DriverCommandExecutor.java:216)
at org.openqa.selenium.remote.service.DriverCommandExecutor.execute(DriverCommandExecutor.java:174)
at org.openqa.selenium.remote.RemoteWebDriver.execute(RemoteWebDriver.java:545)
at org.openqa.selenium.remote.RemoteWebElement.execute(RemoteWebElement.java:223)
at org.openqa.selenium.remote.RemoteWebElement.click(RemoteWebElement.java:76)
at org.openqa.selenium.support.pagefactory.internal.LocatingElementHandler.invoke(LocatingElementHandler.java:51)
at com.sun.proxy.$Proxy23.click(Unknown Source)
at com.cng.pom.CustomerPage.setCustomer(CustomerPage.java:89)
at com.cng.testscript.TestScript.testCustomerPage(TestScript.java:139)
at java.base/java.util.ArrayList.forEach(ArrayList.java:1541)
... Removed 34 stack frames]]>
    </failure>
  </testcase> <!-- testCustomerPage -->
  <testcase classname="com.cng.testscript.TestScript" name="testDatasetManagmentPage" time="1.078">
    <failure type="org.openqa.selenium.ElementClickInterceptedException" message="element click intercepted: Element &amp;lt;clr-icon _ngcontent-doe-c4=&amp;quot;&amp;quot; class=&amp;quot;nav-icon&amp;quot; clrverticalnavicon=&amp;quot;&amp;quot; role=&amp;quot;none&amp;quot; shape=&amp;quot;view-list&amp;quot; title=&amp;quot;Dataset Management&amp;quot;&amp;gt;...&amp;lt;/clr-icon&amp;gt; is not clickable at point (23, 578). Other element would receive the click: &amp;lt;div class=&amp;quot;loader-spinner-wrpr ng-star-inserted&amp;quot;&amp;gt;...&amp;lt;/div&amp;gt;
  (Session info: chrome=137.0.7151.119)
Build info: version: &amp;apos;4.28.1&amp;apos;, revision: &amp;apos;73f5ad48a2&amp;apos;
System info: os.name: &amp;apos;Linux&amp;apos;, os.arch: &amp;apos;amd64&amp;apos;, os.version: &amp;apos;6.8.0-60-generic&amp;apos;, java.version: &amp;apos;11.0.27&amp;apos;
Driver info: org.openqa.selenium.chrome.ChromeDriver
Command: [5c4354d7fa6e8abe7e901509497ef96c, clickElement {id=f.A002039806707D93D34538FE8B5795F6.d.794BD32B574A18BE97123D2271CA3D0B.e.114}]
Capabilities {acceptInsecureCerts: false, browserName: chrome, browserVersion: 137.0.7151.119, chrome: {chromedriverVersion: 137.0.7151.119 (e0ac9d12dff..., userDataDir: /tmp/.org.chromium.Chromium...}, fedcm:accounts: true, goog:chromeOptions: {debuggerAddress: localhost:41347}, networkConnectionEnabled: false, pageLoadStrategy: normal, platformName: linux, proxy: Proxy(), se:cdp: ws://localhost:41347/devtoo..., se:cdpVersion: 137.0.7151.119, setWindowRect: true, strictFileInteractability: false, timeouts: {implicit: 0, pageLoad: 300000, script: 30000}, unhandledPromptBehavior: dismiss and notify, webauthn:extension:credBlob: true, webauthn:extension:largeBlob: true, webauthn:extension:minPinLength: true, webauthn:extension:prf: true, webauthn:virtualAuthenticators: true}
Element: [[ChromeDriver: chrome on linux (5c4354d7fa6e8abe7e901509497ef96c)] -&amp;gt; xpath: //clr-icon[@title=&amp;apos;Dataset Management&amp;apos;]]
Session ID: 5c4354d7fa6e8abe7e901509497ef96c">
      <![CDATA[org.openqa.selenium.ElementClickInterceptedException: element click intercepted: Element <clr-icon _ngcontent-doe-c4="" class="nav-icon" clrverticalnavicon="" role="none" shape="view-list" title="Dataset Management">...</clr-icon> is not clickable at point (23, 578). Other element would receive the click: <div class="loader-spinner-wrpr ng-star-inserted">...</div>
  (Session info: chrome=137.0.7151.119)
Build info: version: '4.28.1', revision: '73f5ad48a2'
System info: os.name: 'Linux', os.arch: 'amd64', os.version: '6.8.0-60-generic', java.version: '11.0.27'
Driver info: org.openqa.selenium.chrome.ChromeDriver
Command: [5c4354d7fa6e8abe7e901509497ef96c, clickElement {id=f.A002039806707D93D34538FE8B5795F6.d.794BD32B574A18BE97123D2271CA3D0B.e.114}]
Capabilities {acceptInsecureCerts: false, browserName: chrome, browserVersion: 137.0.7151.119, chrome: {chromedriverVersion: 137.0.7151.119 (e0ac9d12dff..., userDataDir: /tmp/.org.chromium.Chromium...}, fedcm:accounts: true, goog:chromeOptions: {debuggerAddress: localhost:41347}, networkConnectionEnabled: false, pageLoadStrategy: normal, platformName: linux, proxy: Proxy(), se:cdp: ws://localhost:41347/devtoo..., se:cdpVersion: 137.0.7151.119, setWindowRect: true, strictFileInteractability: false, timeouts: {implicit: 0, pageLoad: 300000, script: 30000}, unhandledPromptBehavior: dismiss and notify, webauthn:extension:credBlob: true, webauthn:extension:largeBlob: true, webauthn:extension:minPinLength: true, webauthn:extension:prf: true, webauthn:virtualAuthenticators: true}
Element: [[ChromeDriver: chrome on linux (5c4354d7fa6e8abe7e901509497ef96c)] -> xpath: //clr-icon[@title='Dataset Management']]
Session ID: 5c4354d7fa6e8abe7e901509497ef96c
at org.openqa.selenium.remote.ErrorCodec.decode(ErrorCodec.java:167)
at org.openqa.selenium.remote.codec.w3c.W3CHttpResponseCodec.decode(W3CHttpResponseCodec.java:138)
at org.openqa.selenium.remote.codec.w3c.W3CHttpResponseCodec.decode(W3CHttpResponseCodec.java:50)
at org.openqa.selenium.remote.HttpCommandExecutor.execute(HttpCommandExecutor.java:215)
at org.openqa.selenium.remote.service.DriverCommandExecutor.invokeExecute(DriverCommandExecutor.java:216)
at org.openqa.selenium.remote.service.DriverCommandExecutor.execute(DriverCommandExecutor.java:174)
at org.openqa.selenium.remote.RemoteWebDriver.execute(RemoteWebDriver.java:545)
at org.openqa.selenium.remote.RemoteWebElement.execute(RemoteWebElement.java:223)
at org.openqa.selenium.remote.RemoteWebElement.click(RemoteWebElement.java:76)
at org.openqa.selenium.support.pagefactory.internal.LocatingElementHandler.invoke(LocatingElementHandler.java:51)
at com.sun.proxy.$Proxy23.click(Unknown Source)
at com.cng.pom.DatasetManagmentPage.setDatasetPage(DatasetManagmentPage.java:41)
at com.cng.testscript.TestScript.testDatasetManagmentPage(TestScript.java:306)
at java.base/java.util.ArrayList.forEach(ArrayList.java:1541)
... Removed 34 stack frames]]>
    </failure>
  </testcase> <!-- testDatasetManagmentPage -->
  <testcase classname="com.cng.testscript.TestScript" name="testSitePage" time="1.845">
    <failure type="org.openqa.selenium.ElementClickInterceptedException" message="element click intercepted: Element &amp;lt;clr-icon _ngcontent-doe-c4=&amp;quot;&amp;quot; class=&amp;quot;nav-icon&amp;quot; clrverticalnavicon=&amp;quot;&amp;quot; role=&amp;quot;none&amp;quot; shape=&amp;quot;map-marker&amp;quot; title=&amp;quot;Sites&amp;quot;&amp;gt;...&amp;lt;/clr-icon&amp;gt; is not clickable at point (23, 482). Other element would receive the click: &amp;lt;div class=&amp;quot;loader-spinner-wrpr ng-star-inserted&amp;quot;&amp;gt;...&amp;lt;/div&amp;gt;
  (Session info: chrome=137.0.7151.119)
Build info: version: &amp;apos;4.28.1&amp;apos;, revision: &amp;apos;73f5ad48a2&amp;apos;
System info: os.name: &amp;apos;Linux&amp;apos;, os.arch: &amp;apos;amd64&amp;apos;, os.version: &amp;apos;6.8.0-60-generic&amp;apos;, java.version: &amp;apos;11.0.27&amp;apos;
Driver info: org.openqa.selenium.chrome.ChromeDriver
Command: [5c4354d7fa6e8abe7e901509497ef96c, clickElement {id=f.A002039806707D93D34538FE8B5795F6.d.794BD32B574A18BE97123D2271CA3D0B.e.115}]
Capabilities {acceptInsecureCerts: false, browserName: chrome, browserVersion: 137.0.7151.119, chrome: {chromedriverVersion: 137.0.7151.119 (e0ac9d12dff..., userDataDir: /tmp/.org.chromium.Chromium...}, fedcm:accounts: true, goog:chromeOptions: {debuggerAddress: localhost:41347}, networkConnectionEnabled: false, pageLoadStrategy: normal, platformName: linux, proxy: Proxy(), se:cdp: ws://localhost:41347/devtoo..., se:cdpVersion: 137.0.7151.119, setWindowRect: true, strictFileInteractability: false, timeouts: {implicit: 0, pageLoad: 300000, script: 30000}, unhandledPromptBehavior: dismiss and notify, webauthn:extension:credBlob: true, webauthn:extension:largeBlob: true, webauthn:extension:minPinLength: true, webauthn:extension:prf: true, webauthn:virtualAuthenticators: true}
Element: [[ChromeDriver: chrome on linux (5c4354d7fa6e8abe7e901509497ef96c)] -&amp;gt; xpath: //clr-icon[@title=&amp;apos;Sites&amp;apos;]]
Session ID: 5c4354d7fa6e8abe7e901509497ef96c">
      <![CDATA[org.openqa.selenium.ElementClickInterceptedException: element click intercepted: Element <clr-icon _ngcontent-doe-c4="" class="nav-icon" clrverticalnavicon="" role="none" shape="map-marker" title="Sites">...</clr-icon> is not clickable at point (23, 482). Other element would receive the click: <div class="loader-spinner-wrpr ng-star-inserted">...</div>
  (Session info: chrome=137.0.7151.119)
Build info: version: '4.28.1', revision: '73f5ad48a2'
System info: os.name: 'Linux', os.arch: 'amd64', os.version: '6.8.0-60-generic', java.version: '11.0.27'
Driver info: org.openqa.selenium.chrome.ChromeDriver
Command: [5c4354d7fa6e8abe7e901509497ef96c, clickElement {id=f.A002039806707D93D34538FE8B5795F6.d.794BD32B574A18BE97123D2271CA3D0B.e.115}]
Capabilities {acceptInsecureCerts: false, browserName: chrome, browserVersion: 137.0.7151.119, chrome: {chromedriverVersion: 137.0.7151.119 (e0ac9d12dff..., userDataDir: /tmp/.org.chromium.Chromium...}, fedcm:accounts: true, goog:chromeOptions: {debuggerAddress: localhost:41347}, networkConnectionEnabled: false, pageLoadStrategy: normal, platformName: linux, proxy: Proxy(), se:cdp: ws://localhost:41347/devtoo..., se:cdpVersion: 137.0.7151.119, setWindowRect: true, strictFileInteractability: false, timeouts: {implicit: 0, pageLoad: 300000, script: 30000}, unhandledPromptBehavior: dismiss and notify, webauthn:extension:credBlob: true, webauthn:extension:largeBlob: true, webauthn:extension:minPinLength: true, webauthn:extension:prf: true, webauthn:virtualAuthenticators: true}
Element: [[ChromeDriver: chrome on linux (5c4354d7fa6e8abe7e901509497ef96c)] -> xpath: //clr-icon[@title='Sites']]
Session ID: 5c4354d7fa6e8abe7e901509497ef96c
at org.openqa.selenium.remote.ErrorCodec.decode(ErrorCodec.java:167)
at org.openqa.selenium.remote.codec.w3c.W3CHttpResponseCodec.decode(W3CHttpResponseCodec.java:138)
at org.openqa.selenium.remote.codec.w3c.W3CHttpResponseCodec.decode(W3CHttpResponseCodec.java:50)
at org.openqa.selenium.remote.HttpCommandExecutor.execute(HttpCommandExecutor.java:215)
at org.openqa.selenium.remote.service.DriverCommandExecutor.invokeExecute(DriverCommandExecutor.java:216)
at org.openqa.selenium.remote.service.DriverCommandExecutor.execute(DriverCommandExecutor.java:174)
at org.openqa.selenium.remote.RemoteWebDriver.execute(RemoteWebDriver.java:545)
at org.openqa.selenium.remote.RemoteWebElement.execute(RemoteWebElement.java:223)
at org.openqa.selenium.remote.RemoteWebElement.click(RemoteWebElement.java:76)
at org.openqa.selenium.support.pagefactory.internal.LocatingElementHandler.invoke(LocatingElementHandler.java:51)
at com.sun.proxy.$Proxy23.click(Unknown Source)
at com.cng.pom.SitePage.setSitePages(SitePage.java:49)
at com.cng.testscript.TestScript.testSitePage(TestScript.java:157)
at java.base/java.util.ArrayList.forEach(ArrayList.java:1541)
... Removed 34 stack frames]]>
    </failure>
  </testcase> <!-- testSitePage -->
  <testcase classname="com.cng.testscript.TestScript" name="testUserSessionPage" time="1.073">
    <failure type="org.openqa.selenium.ElementClickInterceptedException" message="element click intercepted: Element &amp;lt;clr-icon _ngcontent-doe-c4=&amp;quot;&amp;quot; class=&amp;quot;nav-icon&amp;quot; clrverticalnavicon=&amp;quot;&amp;quot; role=&amp;quot;none&amp;quot; shape=&amp;quot;history&amp;quot; title=&amp;quot;User Sessions&amp;quot;&amp;gt;...&amp;lt;/clr-icon&amp;gt; is not clickable at point (23, 674). Other element would receive the click: &amp;lt;div class=&amp;quot;loader-spinner-wrpr ng-star-inserted&amp;quot;&amp;gt;...&amp;lt;/div&amp;gt;
  (Session info: chrome=137.0.7151.119)
Build info: version: &amp;apos;4.28.1&amp;apos;, revision: &amp;apos;73f5ad48a2&amp;apos;
System info: os.name: &amp;apos;Linux&amp;apos;, os.arch: &amp;apos;amd64&amp;apos;, os.version: &amp;apos;6.8.0-60-generic&amp;apos;, java.version: &amp;apos;11.0.27&amp;apos;
Driver info: org.openqa.selenium.chrome.ChromeDriver
Command: [5c4354d7fa6e8abe7e901509497ef96c, clickElement {id=f.A002039806707D93D34538FE8B5795F6.d.794BD32B574A18BE97123D2271CA3D0B.e.116}]
Capabilities {acceptInsecureCerts: false, browserName: chrome, browserVersion: 137.0.7151.119, chrome: {chromedriverVersion: 137.0.7151.119 (e0ac9d12dff..., userDataDir: /tmp/.org.chromium.Chromium...}, fedcm:accounts: true, goog:chromeOptions: {debuggerAddress: localhost:41347}, networkConnectionEnabled: false, pageLoadStrategy: normal, platformName: linux, proxy: Proxy(), se:cdp: ws://localhost:41347/devtoo..., se:cdpVersion: 137.0.7151.119, setWindowRect: true, strictFileInteractability: false, timeouts: {implicit: 0, pageLoad: 300000, script: 30000}, unhandledPromptBehavior: dismiss and notify, webauthn:extension:credBlob: true, webauthn:extension:largeBlob: true, webauthn:extension:minPinLength: true, webauthn:extension:prf: true, webauthn:virtualAuthenticators: true}
Element: [[ChromeDriver: chrome on linux (5c4354d7fa6e8abe7e901509497ef96c)] -&amp;gt; xpath: //clr-icon[@title=&amp;apos;User Sessions&amp;apos;]]
Session ID: 5c4354d7fa6e8abe7e901509497ef96c">
      <![CDATA[org.openqa.selenium.ElementClickInterceptedException: element click intercepted: Element <clr-icon _ngcontent-doe-c4="" class="nav-icon" clrverticalnavicon="" role="none" shape="history" title="User Sessions">...</clr-icon> is not clickable at point (23, 674). Other element would receive the click: <div class="loader-spinner-wrpr ng-star-inserted">...</div>
  (Session info: chrome=137.0.7151.119)
Build info: version: '4.28.1', revision: '73f5ad48a2'
System info: os.name: 'Linux', os.arch: 'amd64', os.version: '6.8.0-60-generic', java.version: '11.0.27'
Driver info: org.openqa.selenium.chrome.ChromeDriver
Command: [5c4354d7fa6e8abe7e901509497ef96c, clickElement {id=f.A002039806707D93D34538FE8B5795F6.d.794BD32B574A18BE97123D2271CA3D0B.e.116}]
Capabilities {acceptInsecureCerts: false, browserName: chrome, browserVersion: 137.0.7151.119, chrome: {chromedriverVersion: 137.0.7151.119 (e0ac9d12dff..., userDataDir: /tmp/.org.chromium.Chromium...}, fedcm:accounts: true, goog:chromeOptions: {debuggerAddress: localhost:41347}, networkConnectionEnabled: false, pageLoadStrategy: normal, platformName: linux, proxy: Proxy(), se:cdp: ws://localhost:41347/devtoo..., se:cdpVersion: 137.0.7151.119, setWindowRect: true, strictFileInteractability: false, timeouts: {implicit: 0, pageLoad: 300000, script: 30000}, unhandledPromptBehavior: dismiss and notify, webauthn:extension:credBlob: true, webauthn:extension:largeBlob: true, webauthn:extension:minPinLength: true, webauthn:extension:prf: true, webauthn:virtualAuthenticators: true}
Element: [[ChromeDriver: chrome on linux (5c4354d7fa6e8abe7e901509497ef96c)] -> xpath: //clr-icon[@title='User Sessions']]
Session ID: 5c4354d7fa6e8abe7e901509497ef96c
at org.openqa.selenium.remote.ErrorCodec.decode(ErrorCodec.java:167)
at org.openqa.selenium.remote.codec.w3c.W3CHttpResponseCodec.decode(W3CHttpResponseCodec.java:138)
at org.openqa.selenium.remote.codec.w3c.W3CHttpResponseCodec.decode(W3CHttpResponseCodec.java:50)
at org.openqa.selenium.remote.HttpCommandExecutor.execute(HttpCommandExecutor.java:215)
at org.openqa.selenium.remote.service.DriverCommandExecutor.invokeExecute(DriverCommandExecutor.java:216)
at org.openqa.selenium.remote.service.DriverCommandExecutor.execute(DriverCommandExecutor.java:174)
at org.openqa.selenium.remote.RemoteWebDriver.execute(RemoteWebDriver.java:545)
at org.openqa.selenium.remote.RemoteWebElement.execute(RemoteWebElement.java:223)
at org.openqa.selenium.remote.RemoteWebElement.click(RemoteWebElement.java:76)
at org.openqa.selenium.support.pagefactory.internal.LocatingElementHandler.invoke(LocatingElementHandler.java:51)
at com.sun.proxy.$Proxy23.click(Unknown Source)
at com.cng.pom.UserSessionsPage.setUserSession(UserSessionsPage.java:45)
at com.cng.testscript.TestScript.testUserSessionPage(TestScript.java:183)
at java.base/java.util.ArrayList.forEach(ArrayList.java:1541)
... Removed 34 stack frames]]>
    </failure>
  </testcase> <!-- testUserSessionPage -->
  <testcase classname="com.cng.testscript.TestScript" name="usecaseList" time="0.31">
    <failure type="java.lang.AssertionError" message="expected [OVERSTAYING OF FOUR WHEELERS] but found [OVERSTAYING OF VEHICLE]">
      <![CDATA[java.lang.AssertionError: expected [OVERSTAYING OF FOUR WHEELERS] but found [OVERSTAYING OF VEHICLE]
at com.cng.testscript.TestScript.usecaseList(TestScript.java:124)
at java.base/java.util.ArrayList.forEach(ArrayList.java:1541)
... Removed 33 stack frames]]>
    </failure>
  </testcase> <!-- usecaseList -->
  <testcase classname="com.cng.testscript.TestScript" name="testUserDetails" time="0.0">
    <ignored/>
  </testcase> <!-- testUserDetails -->
  <testcase classname="com.cng.testscript.TestScript" name="testEditUserDetails" time="0.0">
    <ignored/>
  </testcase> <!-- testEditUserDetails -->
  <testcase classname="com.cng.testscript.TestScript" name="testUserPasswordReset" time="0.0">
    <ignored/>
  </testcase> <!-- testUserPasswordReset -->
  <testcase classname="com.cng.testscript.TestScript" name="testAddUsersPage" time="0.0">
    <ignored/>
  </testcase> <!-- testAddUsersPage -->
  <testcase classname="com.cng.testscript.TestScript" name="testDeleteUser" time="0.0">
    <ignored/>
  </testcase> <!-- testDeleteUser -->
</testsuite> <!-- Test -->
