<?xml version="1.0" encoding="UTF-8"?>
<!-- Generated by org.testng.reporters.JUnitXMLReporter -->
<testsuite ignored="4" hostname="IW" failures="10" tests="13" name="Test" time="78.786" errors="0" timestamp="2025-07-21T11:51:26 IST">
  <testcase classname="com.cng.generic.BaseClass" name="@AfterClass closeBrowser" time="-1.753078886201E9">
    <failure type="org.testng.TestNGException" message="
Can inject only one of &amp;lt;ITestContext, XmlTest&amp;gt; into a @AfterClass annotated closeBrowser.
For more information on native dependency injection please refer to https://testng.org/#_dependency_injection">
      <![CDATA[org.testng.TestNGException: 
Can inject only one of <ITestContext, XmlTest> into a @AfterClass annotated closeBrowser.
For more information on native dependency injection please refer to https://testng.org/#_dependency_injection
at java.base/java.util.concurrent.Executors$RunnableAdapter.call(Executors.java:515)
at java.base/java.util.concurrent.FutureTask.run(FutureTask.java:264)
at java.base/java.util.concurrent.ThreadPoolExecutor.runWorker(ThreadPoolExecutor.java:1128)
at java.base/java.util.concurrent.ThreadPoolExecutor$Worker.run(ThreadPoolExecutor.java:628)
at java.base/java.lang.Thread.run(Thread.java:829)
... Removed 9 stack frames]]>
    </failure>
  </testcase> <!-- @AfterClass closeBrowser -->
  <testcase classname="com.cng.testscript.TestScript" name="outletStatus" time="5.357">
    <failure type="org.openqa.selenium.ElementClickInterceptedException" message="element click intercepted: Element &amp;lt;div _ngcontent-llw-c16=&amp;quot;&amp;quot; class=&amp;quot;status-text&amp;quot;&amp;gt;...&amp;lt;/div&amp;gt; is not clickable at point (166, 222). Other element would receive the click: &amp;lt;div _ngcontent-llw-c1=&amp;quot;&amp;quot; class=&amp;quot;modal-backdrop ng-trigger ng-trigger-fade&amp;quot; aria-hidden=&amp;quot;true&amp;quot;&amp;gt;&amp;lt;/div&amp;gt;
  (Session info: chrome=138.0.7204.157)
Build info: version: &amp;apos;4.28.1&amp;apos;, revision: &amp;apos;73f5ad48a2&amp;apos;
System info: os.name: &amp;apos;Linux&amp;apos;, os.arch: &amp;apos;amd64&amp;apos;, os.version: &amp;apos;6.8.0-60-generic&amp;apos;, java.version: &amp;apos;11.0.27&amp;apos;
Driver info: org.openqa.selenium.chrome.ChromeDriver
Command: [a73b7af5eeda0c1edbd35fdbc243b3da, clickElement {id=f.606E0CC7722716BFBEA656D9DA950A09.d.B985F143158368A654926FAB86119BFF.e.105}]
Capabilities {acceptInsecureCerts: false, browserName: chrome, browserVersion: 138.0.7204.157, chrome: {chromedriverVersion: 138.0.7204.157 (e533e98b126..., userDataDir: /tmp/.org.chromium.Chromium...}, fedcm:accounts: true, goog:chromeOptions: {debuggerAddress: localhost:38035}, networkConnectionEnabled: false, pageLoadStrategy: normal, platformName: linux, proxy: Proxy(), se:cdp: ws://localhost:38035/devtoo..., se:cdpVersion: 138.0.7204.157, setWindowRect: true, strictFileInteractability: false, timeouts: {implicit: 0, pageLoad: 300000, script: 30000}, unhandledPromptBehavior: dismiss and notify, webauthn:extension:credBlob: true, webauthn:extension:largeBlob: true, webauthn:extension:minPinLength: true, webauthn:extension:prf: true, webauthn:virtualAuthenticators: true}
Element: [[ChromeDriver: chrome on linux (a73b7af5eeda0c1edbd35fdbc243b3da)] -&amp;gt; xpath: //div[text()=&amp;apos;Outlet Status&amp;apos;]]
Session ID: a73b7af5eeda0c1edbd35fdbc243b3da">
      <![CDATA[org.openqa.selenium.ElementClickInterceptedException: element click intercepted: Element <div _ngcontent-llw-c16="" class="status-text">...</div> is not clickable at point (166, 222). Other element would receive the click: <div _ngcontent-llw-c1="" class="modal-backdrop ng-trigger ng-trigger-fade" aria-hidden="true"></div>
  (Session info: chrome=138.0.7204.157)
Build info: version: '4.28.1', revision: '73f5ad48a2'
System info: os.name: 'Linux', os.arch: 'amd64', os.version: '6.8.0-60-generic', java.version: '11.0.27'
Driver info: org.openqa.selenium.chrome.ChromeDriver
Command: [a73b7af5eeda0c1edbd35fdbc243b3da, clickElement {id=f.606E0CC7722716BFBEA656D9DA950A09.d.B985F143158368A654926FAB86119BFF.e.105}]
Capabilities {acceptInsecureCerts: false, browserName: chrome, browserVersion: 138.0.7204.157, chrome: {chromedriverVersion: 138.0.7204.157 (e533e98b126..., userDataDir: /tmp/.org.chromium.Chromium...}, fedcm:accounts: true, goog:chromeOptions: {debuggerAddress: localhost:38035}, networkConnectionEnabled: false, pageLoadStrategy: normal, platformName: linux, proxy: Proxy(), se:cdp: ws://localhost:38035/devtoo..., se:cdpVersion: 138.0.7204.157, setWindowRect: true, strictFileInteractability: false, timeouts: {implicit: 0, pageLoad: 300000, script: 30000}, unhandledPromptBehavior: dismiss and notify, webauthn:extension:credBlob: true, webauthn:extension:largeBlob: true, webauthn:extension:minPinLength: true, webauthn:extension:prf: true, webauthn:virtualAuthenticators: true}
Element: [[ChromeDriver: chrome on linux (a73b7af5eeda0c1edbd35fdbc243b3da)] -> xpath: //div[text()='Outlet Status']]
Session ID: a73b7af5eeda0c1edbd35fdbc243b3da
at org.openqa.selenium.remote.ErrorCodec.decode(ErrorCodec.java:167)
at org.openqa.selenium.remote.codec.w3c.W3CHttpResponseCodec.decode(W3CHttpResponseCodec.java:138)
at org.openqa.selenium.remote.codec.w3c.W3CHttpResponseCodec.decode(W3CHttpResponseCodec.java:50)
at org.openqa.selenium.remote.HttpCommandExecutor.execute(HttpCommandExecutor.java:215)
at org.openqa.selenium.remote.service.DriverCommandExecutor.invokeExecute(DriverCommandExecutor.java:216)
at org.openqa.selenium.remote.service.DriverCommandExecutor.execute(DriverCommandExecutor.java:174)
at org.openqa.selenium.remote.RemoteWebDriver.execute(RemoteWebDriver.java:545)
at org.openqa.selenium.remote.RemoteWebElement.execute(RemoteWebElement.java:223)
at org.openqa.selenium.remote.RemoteWebElement.click(RemoteWebElement.java:76)
at org.openqa.selenium.support.pagefactory.internal.LocatingElementHandler.invoke(LocatingElementHandler.java:51)
at com.sun.proxy.$Proxy23.click(Unknown Source)
at com.cng.pom.ConsolidateDashboardPage.setoutletList(ConsolidateDashboardPage.java:58)
at com.cng.testscript.TestScript.outletStatus(TestScript.java:84)
at java.base/java.util.concurrent.Executors$RunnableAdapter.call(Executors.java:515)
at java.base/java.util.concurrent.FutureTask.run(FutureTask.java:264)
at java.base/java.util.concurrent.ThreadPoolExecutor.runWorker(ThreadPoolExecutor.java:1128)
at java.base/java.util.concurrent.ThreadPoolExecutor$Worker.run(ThreadPoolExecutor.java:628)
at java.base/java.lang.Thread.run(Thread.java:829)
... Removed 21 stack frames]]>
    </failure>
  </testcase> <!-- outletStatus -->
  <testcase classname="com.cng.testscript.TestScript" name="exportData" time="55.36">
    <failure type="org.openqa.selenium.NoSuchElementException" message="no such element: Unable to locate element: {&amp;quot;method&amp;quot;:&amp;quot;xpath&amp;quot;,&amp;quot;selector&amp;quot;:&amp;quot;//button[text()=&amp;apos;Web User Manual &amp;apos;]&amp;quot;}
  (Session info: chrome=138.0.7204.157)
For documentation on this error, please visit: https://www.selenium.dev/documentation/webdriver/troubleshooting/errors#no-such-element-exception
Build info: version: &amp;apos;4.28.1&amp;apos;, revision: &amp;apos;73f5ad48a2&amp;apos;
System info: os.name: &amp;apos;Linux&amp;apos;, os.arch: &amp;apos;amd64&amp;apos;, os.version: &amp;apos;6.8.0-60-generic&amp;apos;, java.version: &amp;apos;11.0.27&amp;apos;
Driver info: org.openqa.selenium.chrome.ChromeDriver
Command: [a73b7af5eeda0c1edbd35fdbc243b3da, findElement {value=//button[text()=&amp;apos;Web User Manual &amp;apos;], using=xpath}]
Capabilities {acceptInsecureCerts: false, browserName: chrome, browserVersion: 138.0.7204.157, chrome: {chromedriverVersion: 138.0.7204.157 (e533e98b126..., userDataDir: /tmp/.org.chromium.Chromium...}, fedcm:accounts: true, goog:chromeOptions: {debuggerAddress: localhost:38035}, networkConnectionEnabled: false, pageLoadStrategy: normal, platformName: linux, proxy: Proxy(), se:cdp: ws://localhost:38035/devtoo..., se:cdpVersion: 138.0.7204.157, setWindowRect: true, strictFileInteractability: false, timeouts: {implicit: 0, pageLoad: 300000, script: 30000}, unhandledPromptBehavior: dismiss and notify, webauthn:extension:credBlob: true, webauthn:extension:largeBlob: true, webauthn:extension:minPinLength: true, webauthn:extension:prf: true, webauthn:virtualAuthenticators: true}
Session ID: a73b7af5eeda0c1edbd35fdbc243b3da">
      <![CDATA[org.openqa.selenium.NoSuchElementException: no such element: Unable to locate element: {"method":"xpath","selector":"//button[text()='Web User Manual ']"}
  (Session info: chrome=138.0.7204.157)
For documentation on this error, please visit: https://www.selenium.dev/documentation/webdriver/troubleshooting/errors#no-such-element-exception
Build info: version: '4.28.1', revision: '73f5ad48a2'
System info: os.name: 'Linux', os.arch: 'amd64', os.version: '6.8.0-60-generic', java.version: '11.0.27'
Driver info: org.openqa.selenium.chrome.ChromeDriver
Command: [a73b7af5eeda0c1edbd35fdbc243b3da, findElement {value=//button[text()='Web User Manual '], using=xpath}]
Capabilities {acceptInsecureCerts: false, browserName: chrome, browserVersion: 138.0.7204.157, chrome: {chromedriverVersion: 138.0.7204.157 (e533e98b126..., userDataDir: /tmp/.org.chromium.Chromium...}, fedcm:accounts: true, goog:chromeOptions: {debuggerAddress: localhost:38035}, networkConnectionEnabled: false, pageLoadStrategy: normal, platformName: linux, proxy: Proxy(), se:cdp: ws://localhost:38035/devtoo..., se:cdpVersion: 138.0.7204.157, setWindowRect: true, strictFileInteractability: false, timeouts: {implicit: 0, pageLoad: 300000, script: 30000}, unhandledPromptBehavior: dismiss and notify, webauthn:extension:credBlob: true, webauthn:extension:largeBlob: true, webauthn:extension:minPinLength: true, webauthn:extension:prf: true, webauthn:virtualAuthenticators: true}
Session ID: a73b7af5eeda0c1edbd35fdbc243b3da
at org.openqa.selenium.remote.ErrorCodec.decode(ErrorCodec.java:167)
at org.openqa.selenium.remote.codec.w3c.W3CHttpResponseCodec.decode(W3CHttpResponseCodec.java:138)
at org.openqa.selenium.remote.codec.w3c.W3CHttpResponseCodec.decode(W3CHttpResponseCodec.java:50)
at org.openqa.selenium.remote.HttpCommandExecutor.execute(HttpCommandExecutor.java:215)
at org.openqa.selenium.remote.service.DriverCommandExecutor.invokeExecute(DriverCommandExecutor.java:216)
at org.openqa.selenium.remote.service.DriverCommandExecutor.execute(DriverCommandExecutor.java:174)
at org.openqa.selenium.remote.RemoteWebDriver.execute(RemoteWebDriver.java:545)
at org.openqa.selenium.remote.ElementLocation$ElementFinder$2.findElement(ElementLocation.java:165)
at org.openqa.selenium.remote.ElementLocation.findElement(ElementLocation.java:59)
at org.openqa.selenium.remote.RemoteWebDriver.findElement(RemoteWebDriver.java:368)
at org.openqa.selenium.remote.RemoteWebDriver.findElement(RemoteWebDriver.java:362)
at org.openqa.selenium.support.pagefactory.DefaultElementLocator.findElement(DefaultElementLocator.java:68)
at org.openqa.selenium.support.pagefactory.internal.LocatingElementHandler.invoke(LocatingElementHandler.java:38)
at com.sun.proxy.$Proxy23.click(Unknown Source)
at com.cng.pom.ConsolidateDashboardPage.setExportdropdown(ConsolidateDashboardPage.java:100)
at com.cng.testscript.TestScript.exportData(TestScript.java:107)
at java.base/java.util.concurrent.Executors$RunnableAdapter.call(Executors.java:515)
at java.base/java.util.concurrent.FutureTask.run(FutureTask.java:264)
at java.base/java.util.concurrent.ThreadPoolExecutor.runWorker(ThreadPoolExecutor.java:1128)
at java.base/java.util.concurrent.ThreadPoolExecutor$Worker.run(ThreadPoolExecutor.java:628)
at java.base/java.lang.Thread.run(Thread.java:829)
... Removed 17 stack frames]]>
    </failure>
  </testcase> <!-- exportData -->
  <testcase classname="com.cng.testscript.TestScript" name="testSitePage" time="1.254">
    <failure type="org.openqa.selenium.ElementClickInterceptedException" message="element click intercepted: Element &amp;lt;clr-icon _ngcontent-llw-c4=&amp;quot;&amp;quot; class=&amp;quot;nav-icon&amp;quot; clrverticalnavicon=&amp;quot;&amp;quot; role=&amp;quot;none&amp;quot; shape=&amp;quot;map-marker&amp;quot; title=&amp;quot;Sites&amp;quot;&amp;gt;...&amp;lt;/clr-icon&amp;gt; is not clickable at point (23, 482). Other element would receive the click: &amp;lt;div _ngcontent-llw-c1=&amp;quot;&amp;quot; class=&amp;quot;modal-backdrop ng-trigger ng-trigger-fade&amp;quot; aria-hidden=&amp;quot;true&amp;quot;&amp;gt;&amp;lt;/div&amp;gt;
  (Session info: chrome=138.0.7204.157)
Build info: version: &amp;apos;4.28.1&amp;apos;, revision: &amp;apos;73f5ad48a2&amp;apos;
System info: os.name: &amp;apos;Linux&amp;apos;, os.arch: &amp;apos;amd64&amp;apos;, os.version: &amp;apos;6.8.0-60-generic&amp;apos;, java.version: &amp;apos;11.0.27&amp;apos;
Driver info: org.openqa.selenium.chrome.ChromeDriver
Command: [a73b7af5eeda0c1edbd35fdbc243b3da, clickElement {id=f.606E0CC7722716BFBEA656D9DA950A09.d.B985F143158368A654926FAB86119BFF.e.115}]
Capabilities {acceptInsecureCerts: false, browserName: chrome, browserVersion: 138.0.7204.157, chrome: {chromedriverVersion: 138.0.7204.157 (e533e98b126..., userDataDir: /tmp/.org.chromium.Chromium...}, fedcm:accounts: true, goog:chromeOptions: {debuggerAddress: localhost:38035}, networkConnectionEnabled: false, pageLoadStrategy: normal, platformName: linux, proxy: Proxy(), se:cdp: ws://localhost:38035/devtoo..., se:cdpVersion: 138.0.7204.157, setWindowRect: true, strictFileInteractability: false, timeouts: {implicit: 0, pageLoad: 300000, script: 30000}, unhandledPromptBehavior: dismiss and notify, webauthn:extension:credBlob: true, webauthn:extension:largeBlob: true, webauthn:extension:minPinLength: true, webauthn:extension:prf: true, webauthn:virtualAuthenticators: true}
Element: [[ChromeDriver: chrome on linux (a73b7af5eeda0c1edbd35fdbc243b3da)] -&amp;gt; xpath: //clr-icon[@title=&amp;apos;Sites&amp;apos;]]
Session ID: a73b7af5eeda0c1edbd35fdbc243b3da">
      <![CDATA[org.openqa.selenium.ElementClickInterceptedException: element click intercepted: Element <clr-icon _ngcontent-llw-c4="" class="nav-icon" clrverticalnavicon="" role="none" shape="map-marker" title="Sites">...</clr-icon> is not clickable at point (23, 482). Other element would receive the click: <div _ngcontent-llw-c1="" class="modal-backdrop ng-trigger ng-trigger-fade" aria-hidden="true"></div>
  (Session info: chrome=138.0.7204.157)
Build info: version: '4.28.1', revision: '73f5ad48a2'
System info: os.name: 'Linux', os.arch: 'amd64', os.version: '6.8.0-60-generic', java.version: '11.0.27'
Driver info: org.openqa.selenium.chrome.ChromeDriver
Command: [a73b7af5eeda0c1edbd35fdbc243b3da, clickElement {id=f.606E0CC7722716BFBEA656D9DA950A09.d.B985F143158368A654926FAB86119BFF.e.115}]
Capabilities {acceptInsecureCerts: false, browserName: chrome, browserVersion: 138.0.7204.157, chrome: {chromedriverVersion: 138.0.7204.157 (e533e98b126..., userDataDir: /tmp/.org.chromium.Chromium...}, fedcm:accounts: true, goog:chromeOptions: {debuggerAddress: localhost:38035}, networkConnectionEnabled: false, pageLoadStrategy: normal, platformName: linux, proxy: Proxy(), se:cdp: ws://localhost:38035/devtoo..., se:cdpVersion: 138.0.7204.157, setWindowRect: true, strictFileInteractability: false, timeouts: {implicit: 0, pageLoad: 300000, script: 30000}, unhandledPromptBehavior: dismiss and notify, webauthn:extension:credBlob: true, webauthn:extension:largeBlob: true, webauthn:extension:minPinLength: true, webauthn:extension:prf: true, webauthn:virtualAuthenticators: true}
Element: [[ChromeDriver: chrome on linux (a73b7af5eeda0c1edbd35fdbc243b3da)] -> xpath: //clr-icon[@title='Sites']]
Session ID: a73b7af5eeda0c1edbd35fdbc243b3da
at org.openqa.selenium.remote.ErrorCodec.decode(ErrorCodec.java:167)
at org.openqa.selenium.remote.codec.w3c.W3CHttpResponseCodec.decode(W3CHttpResponseCodec.java:138)
at org.openqa.selenium.remote.codec.w3c.W3CHttpResponseCodec.decode(W3CHttpResponseCodec.java:50)
at org.openqa.selenium.remote.HttpCommandExecutor.execute(HttpCommandExecutor.java:215)
at org.openqa.selenium.remote.service.DriverCommandExecutor.invokeExecute(DriverCommandExecutor.java:216)
at org.openqa.selenium.remote.service.DriverCommandExecutor.execute(DriverCommandExecutor.java:174)
at org.openqa.selenium.remote.RemoteWebDriver.execute(RemoteWebDriver.java:545)
at org.openqa.selenium.remote.RemoteWebElement.execute(RemoteWebElement.java:223)
at org.openqa.selenium.remote.RemoteWebElement.click(RemoteWebElement.java:76)
at org.openqa.selenium.support.pagefactory.internal.LocatingElementHandler.invoke(LocatingElementHandler.java:51)
at com.sun.proxy.$Proxy23.click(Unknown Source)
at com.cng.pom.SitePage.setSitePages(SitePage.java:48)
at com.cng.testscript.TestScript.testSitePage(TestScript.java:157)
at java.base/java.util.concurrent.Executors$RunnableAdapter.call(Executors.java:515)
at java.base/java.util.concurrent.FutureTask.run(FutureTask.java:264)
at java.base/java.util.concurrent.ThreadPoolExecutor.runWorker(ThreadPoolExecutor.java:1128)
at java.base/java.util.concurrent.ThreadPoolExecutor$Worker.run(ThreadPoolExecutor.java:628)
at java.base/java.lang.Thread.run(Thread.java:829)
... Removed 21 stack frames]]>
    </failure>
  </testcase> <!-- testSitePage -->
  <testcase classname="com.cng.testscript.TestScript" name="testReportsPage" time="1.083">
    <failure type="org.openqa.selenium.ElementClickInterceptedException" message="element click intercepted: Element &amp;lt;clr-icon _ngcontent-llw-c4=&amp;quot;&amp;quot; class=&amp;quot;nav-icon&amp;quot; clrverticalnavicon=&amp;quot;&amp;quot; role=&amp;quot;none&amp;quot; shape=&amp;quot;clipboard&amp;quot; title=&amp;quot;Reports&amp;quot;&amp;gt;...&amp;lt;/clr-icon&amp;gt; is not clickable at point (23, 242). Other element would receive the click: &amp;lt;div _ngcontent-llw-c1=&amp;quot;&amp;quot; class=&amp;quot;modal-backdrop ng-trigger ng-trigger-fade&amp;quot; aria-hidden=&amp;quot;true&amp;quot;&amp;gt;&amp;lt;/div&amp;gt;
  (Session info: chrome=138.0.7204.157)
Build info: version: &amp;apos;4.28.1&amp;apos;, revision: &amp;apos;73f5ad48a2&amp;apos;
System info: os.name: &amp;apos;Linux&amp;apos;, os.arch: &amp;apos;amd64&amp;apos;, os.version: &amp;apos;6.8.0-60-generic&amp;apos;, java.version: &amp;apos;11.0.27&amp;apos;
Driver info: org.openqa.selenium.chrome.ChromeDriver
Command: [a73b7af5eeda0c1edbd35fdbc243b3da, clickElement {id=f.606E0CC7722716BFBEA656D9DA950A09.d.B985F143158368A654926FAB86119BFF.e.117}]
Capabilities {acceptInsecureCerts: false, browserName: chrome, browserVersion: 138.0.7204.157, chrome: {chromedriverVersion: 138.0.7204.157 (e533e98b126..., userDataDir: /tmp/.org.chromium.Chromium...}, fedcm:accounts: true, goog:chromeOptions: {debuggerAddress: localhost:38035}, networkConnectionEnabled: false, pageLoadStrategy: normal, platformName: linux, proxy: Proxy(), se:cdp: ws://localhost:38035/devtoo..., se:cdpVersion: 138.0.7204.157, setWindowRect: true, strictFileInteractability: false, timeouts: {implicit: 0, pageLoad: 300000, script: 30000}, unhandledPromptBehavior: dismiss and notify, webauthn:extension:credBlob: true, webauthn:extension:largeBlob: true, webauthn:extension:minPinLength: true, webauthn:extension:prf: true, webauthn:virtualAuthenticators: true}
Element: [[ChromeDriver: chrome on linux (a73b7af5eeda0c1edbd35fdbc243b3da)] -&amp;gt; xpath: //clr-icon[@title=&amp;apos;Reports&amp;apos;]]
Session ID: a73b7af5eeda0c1edbd35fdbc243b3da">
      <![CDATA[org.openqa.selenium.ElementClickInterceptedException: element click intercepted: Element <clr-icon _ngcontent-llw-c4="" class="nav-icon" clrverticalnavicon="" role="none" shape="clipboard" title="Reports">...</clr-icon> is not clickable at point (23, 242). Other element would receive the click: <div _ngcontent-llw-c1="" class="modal-backdrop ng-trigger ng-trigger-fade" aria-hidden="true"></div>
  (Session info: chrome=138.0.7204.157)
Build info: version: '4.28.1', revision: '73f5ad48a2'
System info: os.name: 'Linux', os.arch: 'amd64', os.version: '6.8.0-60-generic', java.version: '11.0.27'
Driver info: org.openqa.selenium.chrome.ChromeDriver
Command: [a73b7af5eeda0c1edbd35fdbc243b3da, clickElement {id=f.606E0CC7722716BFBEA656D9DA950A09.d.B985F143158368A654926FAB86119BFF.e.117}]
Capabilities {acceptInsecureCerts: false, browserName: chrome, browserVersion: 138.0.7204.157, chrome: {chromedriverVersion: 138.0.7204.157 (e533e98b126..., userDataDir: /tmp/.org.chromium.Chromium...}, fedcm:accounts: true, goog:chromeOptions: {debuggerAddress: localhost:38035}, networkConnectionEnabled: false, pageLoadStrategy: normal, platformName: linux, proxy: Proxy(), se:cdp: ws://localhost:38035/devtoo..., se:cdpVersion: 138.0.7204.157, setWindowRect: true, strictFileInteractability: false, timeouts: {implicit: 0, pageLoad: 300000, script: 30000}, unhandledPromptBehavior: dismiss and notify, webauthn:extension:credBlob: true, webauthn:extension:largeBlob: true, webauthn:extension:minPinLength: true, webauthn:extension:prf: true, webauthn:virtualAuthenticators: true}
Element: [[ChromeDriver: chrome on linux (a73b7af5eeda0c1edbd35fdbc243b3da)] -> xpath: //clr-icon[@title='Reports']]
Session ID: a73b7af5eeda0c1edbd35fdbc243b3da
at org.openqa.selenium.remote.ErrorCodec.decode(ErrorCodec.java:167)
at org.openqa.selenium.remote.codec.w3c.W3CHttpResponseCodec.decode(W3CHttpResponseCodec.java:138)
at org.openqa.selenium.remote.codec.w3c.W3CHttpResponseCodec.decode(W3CHttpResponseCodec.java:50)
at org.openqa.selenium.remote.HttpCommandExecutor.execute(HttpCommandExecutor.java:215)
at org.openqa.selenium.remote.service.DriverCommandExecutor.invokeExecute(DriverCommandExecutor.java:216)
at org.openqa.selenium.remote.service.DriverCommandExecutor.execute(DriverCommandExecutor.java:174)
at org.openqa.selenium.remote.RemoteWebDriver.execute(RemoteWebDriver.java:545)
at org.openqa.selenium.remote.RemoteWebElement.execute(RemoteWebElement.java:223)
at org.openqa.selenium.remote.RemoteWebElement.click(RemoteWebElement.java:76)
at org.openqa.selenium.support.pagefactory.internal.LocatingElementHandler.invoke(LocatingElementHandler.java:51)
at com.sun.proxy.$Proxy23.click(Unknown Source)
at com.cng.pom.ReportPage.setReport(ReportPage.java:66)
at com.cng.testscript.TestScript.testReportsPage(TestScript.java:172)
at java.base/java.util.concurrent.Executors$RunnableAdapter.call(Executors.java:515)
at java.base/java.util.concurrent.FutureTask.run(FutureTask.java:264)
at java.base/java.util.concurrent.ThreadPoolExecutor.runWorker(ThreadPoolExecutor.java:1128)
at java.base/java.util.concurrent.ThreadPoolExecutor$Worker.run(ThreadPoolExecutor.java:628)
at java.base/java.lang.Thread.run(Thread.java:829)
... Removed 21 stack frames]]>
    </failure>
  </testcase> <!-- testReportsPage -->
  <testcase classname="com.cng.testscript.TestScript" name="testUserSessionPage" time="1.191">
    <failure type="org.openqa.selenium.ElementClickInterceptedException" message="element click intercepted: Element &amp;lt;clr-icon _ngcontent-llw-c4=&amp;quot;&amp;quot; class=&amp;quot;nav-icon&amp;quot; clrverticalnavicon=&amp;quot;&amp;quot; role=&amp;quot;none&amp;quot; shape=&amp;quot;history&amp;quot; title=&amp;quot;User Sessions&amp;quot;&amp;gt;...&amp;lt;/clr-icon&amp;gt; is not clickable at point (23, 674). Other element would receive the click: &amp;lt;div _ngcontent-llw-c1=&amp;quot;&amp;quot; class=&amp;quot;modal-backdrop ng-trigger ng-trigger-fade&amp;quot; aria-hidden=&amp;quot;true&amp;quot;&amp;gt;&amp;lt;/div&amp;gt;
  (Session info: chrome=138.0.7204.157)
Build info: version: &amp;apos;4.28.1&amp;apos;, revision: &amp;apos;73f5ad48a2&amp;apos;
System info: os.name: &amp;apos;Linux&amp;apos;, os.arch: &amp;apos;amd64&amp;apos;, os.version: &amp;apos;6.8.0-60-generic&amp;apos;, java.version: &amp;apos;11.0.27&amp;apos;
Driver info: org.openqa.selenium.chrome.ChromeDriver
Command: [a73b7af5eeda0c1edbd35fdbc243b3da, clickElement {id=f.606E0CC7722716BFBEA656D9DA950A09.d.B985F143158368A654926FAB86119BFF.e.119}]
Capabilities {acceptInsecureCerts: false, browserName: chrome, browserVersion: 138.0.7204.157, chrome: {chromedriverVersion: 138.0.7204.157 (e533e98b126..., userDataDir: /tmp/.org.chromium.Chromium...}, fedcm:accounts: true, goog:chromeOptions: {debuggerAddress: localhost:38035}, networkConnectionEnabled: false, pageLoadStrategy: normal, platformName: linux, proxy: Proxy(), se:cdp: ws://localhost:38035/devtoo..., se:cdpVersion: 138.0.7204.157, setWindowRect: true, strictFileInteractability: false, timeouts: {implicit: 0, pageLoad: 300000, script: 30000}, unhandledPromptBehavior: dismiss and notify, webauthn:extension:credBlob: true, webauthn:extension:largeBlob: true, webauthn:extension:minPinLength: true, webauthn:extension:prf: true, webauthn:virtualAuthenticators: true}
Element: [[ChromeDriver: chrome on linux (a73b7af5eeda0c1edbd35fdbc243b3da)] -&amp;gt; xpath: //clr-icon[@title=&amp;apos;User Sessions&amp;apos;]]
Session ID: a73b7af5eeda0c1edbd35fdbc243b3da">
      <![CDATA[org.openqa.selenium.ElementClickInterceptedException: element click intercepted: Element <clr-icon _ngcontent-llw-c4="" class="nav-icon" clrverticalnavicon="" role="none" shape="history" title="User Sessions">...</clr-icon> is not clickable at point (23, 674). Other element would receive the click: <div _ngcontent-llw-c1="" class="modal-backdrop ng-trigger ng-trigger-fade" aria-hidden="true"></div>
  (Session info: chrome=138.0.7204.157)
Build info: version: '4.28.1', revision: '73f5ad48a2'
System info: os.name: 'Linux', os.arch: 'amd64', os.version: '6.8.0-60-generic', java.version: '11.0.27'
Driver info: org.openqa.selenium.chrome.ChromeDriver
Command: [a73b7af5eeda0c1edbd35fdbc243b3da, clickElement {id=f.606E0CC7722716BFBEA656D9DA950A09.d.B985F143158368A654926FAB86119BFF.e.119}]
Capabilities {acceptInsecureCerts: false, browserName: chrome, browserVersion: 138.0.7204.157, chrome: {chromedriverVersion: 138.0.7204.157 (e533e98b126..., userDataDir: /tmp/.org.chromium.Chromium...}, fedcm:accounts: true, goog:chromeOptions: {debuggerAddress: localhost:38035}, networkConnectionEnabled: false, pageLoadStrategy: normal, platformName: linux, proxy: Proxy(), se:cdp: ws://localhost:38035/devtoo..., se:cdpVersion: 138.0.7204.157, setWindowRect: true, strictFileInteractability: false, timeouts: {implicit: 0, pageLoad: 300000, script: 30000}, unhandledPromptBehavior: dismiss and notify, webauthn:extension:credBlob: true, webauthn:extension:largeBlob: true, webauthn:extension:minPinLength: true, webauthn:extension:prf: true, webauthn:virtualAuthenticators: true}
Element: [[ChromeDriver: chrome on linux (a73b7af5eeda0c1edbd35fdbc243b3da)] -> xpath: //clr-icon[@title='User Sessions']]
Session ID: a73b7af5eeda0c1edbd35fdbc243b3da
at org.openqa.selenium.remote.ErrorCodec.decode(ErrorCodec.java:167)
at org.openqa.selenium.remote.codec.w3c.W3CHttpResponseCodec.decode(W3CHttpResponseCodec.java:138)
at org.openqa.selenium.remote.codec.w3c.W3CHttpResponseCodec.decode(W3CHttpResponseCodec.java:50)
at org.openqa.selenium.remote.HttpCommandExecutor.execute(HttpCommandExecutor.java:215)
at org.openqa.selenium.remote.service.DriverCommandExecutor.invokeExecute(DriverCommandExecutor.java:216)
at org.openqa.selenium.remote.service.DriverCommandExecutor.execute(DriverCommandExecutor.java:174)
at org.openqa.selenium.remote.RemoteWebDriver.execute(RemoteWebDriver.java:545)
at org.openqa.selenium.remote.RemoteWebElement.execute(RemoteWebElement.java:223)
at org.openqa.selenium.remote.RemoteWebElement.click(RemoteWebElement.java:76)
at org.openqa.selenium.support.pagefactory.internal.LocatingElementHandler.invoke(LocatingElementHandler.java:51)
at com.sun.proxy.$Proxy23.click(Unknown Source)
at com.cng.pom.UserSessionsPage.setUserSession(UserSessionsPage.java:45)
at com.cng.testscript.TestScript.testUserSessionPage(TestScript.java:183)
at java.base/java.util.concurrent.Executors$RunnableAdapter.call(Executors.java:515)
at java.base/java.util.concurrent.FutureTask.run(FutureTask.java:264)
at java.base/java.util.concurrent.ThreadPoolExecutor.runWorker(ThreadPoolExecutor.java:1128)
at java.base/java.util.concurrent.ThreadPoolExecutor$Worker.run(ThreadPoolExecutor.java:628)
at java.base/java.lang.Thread.run(Thread.java:829)
... Removed 21 stack frames]]>
    </failure>
  </testcase> <!-- testUserSessionPage -->
  <testcase classname="com.cng.testscript.TestScript" name="testCustomerPage" time="5.142">
    <failure type="org.openqa.selenium.ElementClickInterceptedException" message="element click intercepted: Element &amp;lt;clr-icon _ngcontent-llw-c4=&amp;quot;&amp;quot; class=&amp;quot;nav-icon&amp;quot; clrverticalnavicon=&amp;quot;&amp;quot; role=&amp;quot;none&amp;quot; shape=&amp;quot;building&amp;quot; title=&amp;quot;Customers&amp;quot;&amp;gt;...&amp;lt;/clr-icon&amp;gt; is not clickable at point (23, 290). Other element would receive the click: &amp;lt;div _ngcontent-llw-c1=&amp;quot;&amp;quot; class=&amp;quot;modal-backdrop ng-trigger ng-trigger-fade&amp;quot; aria-hidden=&amp;quot;true&amp;quot;&amp;gt;&amp;lt;/div&amp;gt;
  (Session info: chrome=138.0.7204.157)
Build info: version: &amp;apos;4.28.1&amp;apos;, revision: &amp;apos;73f5ad48a2&amp;apos;
System info: os.name: &amp;apos;Linux&amp;apos;, os.arch: &amp;apos;amd64&amp;apos;, os.version: &amp;apos;6.8.0-60-generic&amp;apos;, java.version: &amp;apos;11.0.27&amp;apos;
Driver info: org.openqa.selenium.chrome.ChromeDriver
Command: [a73b7af5eeda0c1edbd35fdbc243b3da, clickElement {id=f.606E0CC7722716BFBEA656D9DA950A09.d.B985F143158368A654926FAB86119BFF.e.120}]
Capabilities {acceptInsecureCerts: false, browserName: chrome, browserVersion: 138.0.7204.157, chrome: {chromedriverVersion: 138.0.7204.157 (e533e98b126..., userDataDir: /tmp/.org.chromium.Chromium...}, fedcm:accounts: true, goog:chromeOptions: {debuggerAddress: localhost:38035}, networkConnectionEnabled: false, pageLoadStrategy: normal, platformName: linux, proxy: Proxy(), se:cdp: ws://localhost:38035/devtoo..., se:cdpVersion: 138.0.7204.157, setWindowRect: true, strictFileInteractability: false, timeouts: {implicit: 0, pageLoad: 300000, script: 30000}, unhandledPromptBehavior: dismiss and notify, webauthn:extension:credBlob: true, webauthn:extension:largeBlob: true, webauthn:extension:minPinLength: true, webauthn:extension:prf: true, webauthn:virtualAuthenticators: true}
Element: [[ChromeDriver: chrome on linux (a73b7af5eeda0c1edbd35fdbc243b3da)] -&amp;gt; xpath: //clr-icon[@title=&amp;apos;Customers&amp;apos;]]
Session ID: a73b7af5eeda0c1edbd35fdbc243b3da">
      <![CDATA[org.openqa.selenium.ElementClickInterceptedException: element click intercepted: Element <clr-icon _ngcontent-llw-c4="" class="nav-icon" clrverticalnavicon="" role="none" shape="building" title="Customers">...</clr-icon> is not clickable at point (23, 290). Other element would receive the click: <div _ngcontent-llw-c1="" class="modal-backdrop ng-trigger ng-trigger-fade" aria-hidden="true"></div>
  (Session info: chrome=138.0.7204.157)
Build info: version: '4.28.1', revision: '73f5ad48a2'
System info: os.name: 'Linux', os.arch: 'amd64', os.version: '6.8.0-60-generic', java.version: '11.0.27'
Driver info: org.openqa.selenium.chrome.ChromeDriver
Command: [a73b7af5eeda0c1edbd35fdbc243b3da, clickElement {id=f.606E0CC7722716BFBEA656D9DA950A09.d.B985F143158368A654926FAB86119BFF.e.120}]
Capabilities {acceptInsecureCerts: false, browserName: chrome, browserVersion: 138.0.7204.157, chrome: {chromedriverVersion: 138.0.7204.157 (e533e98b126..., userDataDir: /tmp/.org.chromium.Chromium...}, fedcm:accounts: true, goog:chromeOptions: {debuggerAddress: localhost:38035}, networkConnectionEnabled: false, pageLoadStrategy: normal, platformName: linux, proxy: Proxy(), se:cdp: ws://localhost:38035/devtoo..., se:cdpVersion: 138.0.7204.157, setWindowRect: true, strictFileInteractability: false, timeouts: {implicit: 0, pageLoad: 300000, script: 30000}, unhandledPromptBehavior: dismiss and notify, webauthn:extension:credBlob: true, webauthn:extension:largeBlob: true, webauthn:extension:minPinLength: true, webauthn:extension:prf: true, webauthn:virtualAuthenticators: true}
Element: [[ChromeDriver: chrome on linux (a73b7af5eeda0c1edbd35fdbc243b3da)] -> xpath: //clr-icon[@title='Customers']]
Session ID: a73b7af5eeda0c1edbd35fdbc243b3da
at org.openqa.selenium.remote.ErrorCodec.decode(ErrorCodec.java:167)
at org.openqa.selenium.remote.codec.w3c.W3CHttpResponseCodec.decode(W3CHttpResponseCodec.java:138)
at org.openqa.selenium.remote.codec.w3c.W3CHttpResponseCodec.decode(W3CHttpResponseCodec.java:50)
at org.openqa.selenium.remote.HttpCommandExecutor.execute(HttpCommandExecutor.java:215)
at org.openqa.selenium.remote.service.DriverCommandExecutor.invokeExecute(DriverCommandExecutor.java:216)
at org.openqa.selenium.remote.service.DriverCommandExecutor.execute(DriverCommandExecutor.java:174)
at org.openqa.selenium.remote.RemoteWebDriver.execute(RemoteWebDriver.java:545)
at org.openqa.selenium.remote.RemoteWebElement.execute(RemoteWebElement.java:223)
at org.openqa.selenium.remote.RemoteWebElement.click(RemoteWebElement.java:76)
at org.openqa.selenium.support.pagefactory.internal.LocatingElementHandler.invoke(LocatingElementHandler.java:51)
at com.sun.proxy.$Proxy23.click(Unknown Source)
at com.cng.pom.CustomerPage.setCustomer(CustomerPage.java:89)
at com.cng.testscript.TestScript.testCustomerPage(TestScript.java:139)
at java.base/java.util.concurrent.Executors$RunnableAdapter.call(Executors.java:515)
at java.base/java.util.concurrent.FutureTask.run(FutureTask.java:264)
at java.base/java.util.concurrent.ThreadPoolExecutor.runWorker(ThreadPoolExecutor.java:1128)
at java.base/java.util.concurrent.ThreadPoolExecutor$Worker.run(ThreadPoolExecutor.java:628)
at java.base/java.lang.Thread.run(Thread.java:829)
... Removed 21 stack frames]]>
    </failure>
  </testcase> <!-- testCustomerPage -->
  <testcase classname="com.cng.testscript.TestScript" name="dummy" time="60.799"/>
  <testcase classname="com.cng.testscript.TestScript" name="testAssertManagmentPage" time="1.395">
    <failure type="org.openqa.selenium.ElementClickInterceptedException" message="element click intercepted: Element &amp;lt;clr-icon _ngcontent-llw-c4=&amp;quot;&amp;quot; class=&amp;quot;nav-icon&amp;quot; clrverticalnavicon=&amp;quot;&amp;quot; role=&amp;quot;none&amp;quot; shape=&amp;quot;objects&amp;quot; title=&amp;quot;Asset Management&amp;quot;&amp;gt;...&amp;lt;/clr-icon&amp;gt; is not clickable at point (23, 194). Other element would receive the click: &amp;lt;div _ngcontent-llw-c1=&amp;quot;&amp;quot; class=&amp;quot;modal-backdrop ng-trigger ng-trigger-fade&amp;quot; aria-hidden=&amp;quot;true&amp;quot;&amp;gt;&amp;lt;/div&amp;gt;
  (Session info: chrome=138.0.7204.157)
Build info: version: &amp;apos;4.28.1&amp;apos;, revision: &amp;apos;73f5ad48a2&amp;apos;
System info: os.name: &amp;apos;Linux&amp;apos;, os.arch: &amp;apos;amd64&amp;apos;, os.version: &amp;apos;6.8.0-60-generic&amp;apos;, java.version: &amp;apos;11.0.27&amp;apos;
Driver info: org.openqa.selenium.chrome.ChromeDriver
Command: [a73b7af5eeda0c1edbd35fdbc243b3da, clickElement {id=f.606E0CC7722716BFBEA656D9DA950A09.d.B985F143158368A654926FAB86119BFF.e.122}]
Capabilities {acceptInsecureCerts: false, browserName: chrome, browserVersion: 138.0.7204.157, chrome: {chromedriverVersion: 138.0.7204.157 (e533e98b126..., userDataDir: /tmp/.org.chromium.Chromium...}, fedcm:accounts: true, goog:chromeOptions: {debuggerAddress: localhost:38035}, networkConnectionEnabled: false, pageLoadStrategy: normal, platformName: linux, proxy: Proxy(), se:cdp: ws://localhost:38035/devtoo..., se:cdpVersion: 138.0.7204.157, setWindowRect: true, strictFileInteractability: false, timeouts: {implicit: 0, pageLoad: 300000, script: 30000}, unhandledPromptBehavior: dismiss and notify, webauthn:extension:credBlob: true, webauthn:extension:largeBlob: true, webauthn:extension:minPinLength: true, webauthn:extension:prf: true, webauthn:virtualAuthenticators: true}
Element: [[ChromeDriver: chrome on linux (a73b7af5eeda0c1edbd35fdbc243b3da)] -&amp;gt; xpath: //clr-icon[@title=&amp;apos;Asset Management&amp;apos;]]
Session ID: a73b7af5eeda0c1edbd35fdbc243b3da">
      <![CDATA[org.openqa.selenium.ElementClickInterceptedException: element click intercepted: Element <clr-icon _ngcontent-llw-c4="" class="nav-icon" clrverticalnavicon="" role="none" shape="objects" title="Asset Management">...</clr-icon> is not clickable at point (23, 194). Other element would receive the click: <div _ngcontent-llw-c1="" class="modal-backdrop ng-trigger ng-trigger-fade" aria-hidden="true"></div>
  (Session info: chrome=138.0.7204.157)
Build info: version: '4.28.1', revision: '73f5ad48a2'
System info: os.name: 'Linux', os.arch: 'amd64', os.version: '6.8.0-60-generic', java.version: '11.0.27'
Driver info: org.openqa.selenium.chrome.ChromeDriver
Command: [a73b7af5eeda0c1edbd35fdbc243b3da, clickElement {id=f.606E0CC7722716BFBEA656D9DA950A09.d.B985F143158368A654926FAB86119BFF.e.122}]
Capabilities {acceptInsecureCerts: false, browserName: chrome, browserVersion: 138.0.7204.157, chrome: {chromedriverVersion: 138.0.7204.157 (e533e98b126..., userDataDir: /tmp/.org.chromium.Chromium...}, fedcm:accounts: true, goog:chromeOptions: {debuggerAddress: localhost:38035}, networkConnectionEnabled: false, pageLoadStrategy: normal, platformName: linux, proxy: Proxy(), se:cdp: ws://localhost:38035/devtoo..., se:cdpVersion: 138.0.7204.157, setWindowRect: true, strictFileInteractability: false, timeouts: {implicit: 0, pageLoad: 300000, script: 30000}, unhandledPromptBehavior: dismiss and notify, webauthn:extension:credBlob: true, webauthn:extension:largeBlob: true, webauthn:extension:minPinLength: true, webauthn:extension:prf: true, webauthn:virtualAuthenticators: true}
Element: [[ChromeDriver: chrome on linux (a73b7af5eeda0c1edbd35fdbc243b3da)] -> xpath: //clr-icon[@title='Asset Management']]
Session ID: a73b7af5eeda0c1edbd35fdbc243b3da
at org.openqa.selenium.remote.ErrorCodec.decode(ErrorCodec.java:167)
at org.openqa.selenium.remote.codec.w3c.W3CHttpResponseCodec.decode(W3CHttpResponseCodec.java:138)
at org.openqa.selenium.remote.codec.w3c.W3CHttpResponseCodec.decode(W3CHttpResponseCodec.java:50)
at org.openqa.selenium.remote.HttpCommandExecutor.execute(HttpCommandExecutor.java:215)
at org.openqa.selenium.remote.service.DriverCommandExecutor.invokeExecute(DriverCommandExecutor.java:216)
at org.openqa.selenium.remote.service.DriverCommandExecutor.execute(DriverCommandExecutor.java:174)
at org.openqa.selenium.remote.RemoteWebDriver.execute(RemoteWebDriver.java:545)
at org.openqa.selenium.remote.RemoteWebElement.execute(RemoteWebElement.java:223)
at org.openqa.selenium.remote.RemoteWebElement.click(RemoteWebElement.java:76)
at org.openqa.selenium.support.pagefactory.internal.LocatingElementHandler.invoke(LocatingElementHandler.java:51)
at com.sun.proxy.$Proxy23.click(Unknown Source)
at com.cng.pom.AssertManagmentPage.setAssertManagment(AssertManagmentPage.java:25)
at com.cng.testscript.TestScript.testAssertManagmentPage(TestScript.java:284)
at java.base/java.util.concurrent.Executors$RunnableAdapter.call(Executors.java:515)
at java.base/java.util.concurrent.FutureTask.run(FutureTask.java:264)
at java.base/java.util.concurrent.ThreadPoolExecutor.runWorker(ThreadPoolExecutor.java:1128)
at java.base/java.util.concurrent.ThreadPoolExecutor$Worker.run(ThreadPoolExecutor.java:628)
at java.base/java.lang.Thread.run(Thread.java:829)
... Removed 21 stack frames]]>
    </failure>
  </testcase> <!-- testAssertManagmentPage -->
  <testcase classname="com.cng.testscript.TestScript" name="testCustomerConfigPage" time="2.258">
    <failure type="org.openqa.selenium.ElementClickInterceptedException" message="element click intercepted: Element &amp;lt;clr-icon _ngcontent-llw-c4=&amp;quot;&amp;quot; class=&amp;quot;nav-icon&amp;quot; clrverticalnavicon=&amp;quot;&amp;quot; role=&amp;quot;none&amp;quot; shape=&amp;quot;administrator&amp;quot; title=&amp;quot;Customer Config&amp;quot;&amp;gt;...&amp;lt;/clr-icon&amp;gt; is not clickable at point (23, 626). Other element would receive the click: &amp;lt;div _ngcontent-llw-c1=&amp;quot;&amp;quot; class=&amp;quot;modal-backdrop ng-trigger ng-trigger-fade&amp;quot; aria-hidden=&amp;quot;true&amp;quot;&amp;gt;&amp;lt;/div&amp;gt;
  (Session info: chrome=138.0.7204.157)
Build info: version: &amp;apos;4.28.1&amp;apos;, revision: &amp;apos;73f5ad48a2&amp;apos;
System info: os.name: &amp;apos;Linux&amp;apos;, os.arch: &amp;apos;amd64&amp;apos;, os.version: &amp;apos;6.8.0-60-generic&amp;apos;, java.version: &amp;apos;11.0.27&amp;apos;
Driver info: org.openqa.selenium.chrome.ChromeDriver
Command: [a73b7af5eeda0c1edbd35fdbc243b3da, clickElement {id=f.606E0CC7722716BFBEA656D9DA950A09.d.B985F143158368A654926FAB86119BFF.e.123}]
Capabilities {acceptInsecureCerts: false, browserName: chrome, browserVersion: 138.0.7204.157, chrome: {chromedriverVersion: 138.0.7204.157 (e533e98b126..., userDataDir: /tmp/.org.chromium.Chromium...}, fedcm:accounts: true, goog:chromeOptions: {debuggerAddress: localhost:38035}, networkConnectionEnabled: false, pageLoadStrategy: normal, platformName: linux, proxy: Proxy(), se:cdp: ws://localhost:38035/devtoo..., se:cdpVersion: 138.0.7204.157, setWindowRect: true, strictFileInteractability: false, timeouts: {implicit: 0, pageLoad: 300000, script: 30000}, unhandledPromptBehavior: dismiss and notify, webauthn:extension:credBlob: true, webauthn:extension:largeBlob: true, webauthn:extension:minPinLength: true, webauthn:extension:prf: true, webauthn:virtualAuthenticators: true}
Element: [[ChromeDriver: chrome on linux (a73b7af5eeda0c1edbd35fdbc243b3da)] -&amp;gt; xpath: //clr-icon[@title=&amp;apos;Customer Config&amp;apos;]]
Session ID: a73b7af5eeda0c1edbd35fdbc243b3da">
      <![CDATA[org.openqa.selenium.ElementClickInterceptedException: element click intercepted: Element <clr-icon _ngcontent-llw-c4="" class="nav-icon" clrverticalnavicon="" role="none" shape="administrator" title="Customer Config">...</clr-icon> is not clickable at point (23, 626). Other element would receive the click: <div _ngcontent-llw-c1="" class="modal-backdrop ng-trigger ng-trigger-fade" aria-hidden="true"></div>
  (Session info: chrome=138.0.7204.157)
Build info: version: '4.28.1', revision: '73f5ad48a2'
System info: os.name: 'Linux', os.arch: 'amd64', os.version: '6.8.0-60-generic', java.version: '11.0.27'
Driver info: org.openqa.selenium.chrome.ChromeDriver
Command: [a73b7af5eeda0c1edbd35fdbc243b3da, clickElement {id=f.606E0CC7722716BFBEA656D9DA950A09.d.B985F143158368A654926FAB86119BFF.e.123}]
Capabilities {acceptInsecureCerts: false, browserName: chrome, browserVersion: 138.0.7204.157, chrome: {chromedriverVersion: 138.0.7204.157 (e533e98b126..., userDataDir: /tmp/.org.chromium.Chromium...}, fedcm:accounts: true, goog:chromeOptions: {debuggerAddress: localhost:38035}, networkConnectionEnabled: false, pageLoadStrategy: normal, platformName: linux, proxy: Proxy(), se:cdp: ws://localhost:38035/devtoo..., se:cdpVersion: 138.0.7204.157, setWindowRect: true, strictFileInteractability: false, timeouts: {implicit: 0, pageLoad: 300000, script: 30000}, unhandledPromptBehavior: dismiss and notify, webauthn:extension:credBlob: true, webauthn:extension:largeBlob: true, webauthn:extension:minPinLength: true, webauthn:extension:prf: true, webauthn:virtualAuthenticators: true}
Element: [[ChromeDriver: chrome on linux (a73b7af5eeda0c1edbd35fdbc243b3da)] -> xpath: //clr-icon[@title='Customer Config']]
Session ID: a73b7af5eeda0c1edbd35fdbc243b3da
at org.openqa.selenium.remote.ErrorCodec.decode(ErrorCodec.java:167)
at org.openqa.selenium.remote.codec.w3c.W3CHttpResponseCodec.decode(W3CHttpResponseCodec.java:138)
at org.openqa.selenium.remote.codec.w3c.W3CHttpResponseCodec.decode(W3CHttpResponseCodec.java:50)
at org.openqa.selenium.remote.HttpCommandExecutor.execute(HttpCommandExecutor.java:215)
at org.openqa.selenium.remote.service.DriverCommandExecutor.invokeExecute(DriverCommandExecutor.java:216)
at org.openqa.selenium.remote.service.DriverCommandExecutor.execute(DriverCommandExecutor.java:174)
at org.openqa.selenium.remote.RemoteWebDriver.execute(RemoteWebDriver.java:545)
at org.openqa.selenium.remote.RemoteWebElement.execute(RemoteWebElement.java:223)
at org.openqa.selenium.remote.RemoteWebElement.click(RemoteWebElement.java:76)
at org.openqa.selenium.support.pagefactory.internal.LocatingElementHandler.invoke(LocatingElementHandler.java:51)
at com.sun.proxy.$Proxy23.click(Unknown Source)
at com.cng.pom.CustomerConfigPage.customerCongif(CustomerConfigPage.java:23)
at com.cng.testscript.TestScript.testCustomerConfigPage(TestScript.java:294)
at java.base/java.util.concurrent.Executors$RunnableAdapter.call(Executors.java:515)
at java.base/java.util.concurrent.FutureTask.run(FutureTask.java:264)
at java.base/java.util.concurrent.ThreadPoolExecutor.runWorker(ThreadPoolExecutor.java:1128)
at java.base/java.util.concurrent.ThreadPoolExecutor$Worker.run(ThreadPoolExecutor.java:628)
at java.base/java.lang.Thread.run(Thread.java:829)
... Removed 21 stack frames]]>
    </failure>
  </testcase> <!-- testCustomerConfigPage -->
  <testcase classname="com.cng.testscript.TestScript" name="testDatasetManagmentPage" time="1.336">
    <failure type="org.openqa.selenium.ElementClickInterceptedException" message="element click intercepted: Element &amp;lt;clr-icon _ngcontent-llw-c4=&amp;quot;&amp;quot; class=&amp;quot;nav-icon&amp;quot; clrverticalnavicon=&amp;quot;&amp;quot; role=&amp;quot;none&amp;quot; shape=&amp;quot;view-list&amp;quot; title=&amp;quot;Dataset Management&amp;quot;&amp;gt;...&amp;lt;/clr-icon&amp;gt; is not clickable at point (23, 578). Other element would receive the click: &amp;lt;div _ngcontent-llw-c1=&amp;quot;&amp;quot; class=&amp;quot;modal-backdrop ng-trigger ng-trigger-fade&amp;quot; aria-hidden=&amp;quot;true&amp;quot;&amp;gt;&amp;lt;/div&amp;gt;
  (Session info: chrome=138.0.7204.157)
Build info: version: &amp;apos;4.28.1&amp;apos;, revision: &amp;apos;73f5ad48a2&amp;apos;
System info: os.name: &amp;apos;Linux&amp;apos;, os.arch: &amp;apos;amd64&amp;apos;, os.version: &amp;apos;6.8.0-60-generic&amp;apos;, java.version: &amp;apos;11.0.27&amp;apos;
Driver info: org.openqa.selenium.chrome.ChromeDriver
Command: [a73b7af5eeda0c1edbd35fdbc243b3da, clickElement {id=f.606E0CC7722716BFBEA656D9DA950A09.d.B985F143158368A654926FAB86119BFF.e.126}]
Capabilities {acceptInsecureCerts: false, browserName: chrome, browserVersion: 138.0.7204.157, chrome: {chromedriverVersion: 138.0.7204.157 (e533e98b126..., userDataDir: /tmp/.org.chromium.Chromium...}, fedcm:accounts: true, goog:chromeOptions: {debuggerAddress: localhost:38035}, networkConnectionEnabled: false, pageLoadStrategy: normal, platformName: linux, proxy: Proxy(), se:cdp: ws://localhost:38035/devtoo..., se:cdpVersion: 138.0.7204.157, setWindowRect: true, strictFileInteractability: false, timeouts: {implicit: 0, pageLoad: 300000, script: 30000}, unhandledPromptBehavior: dismiss and notify, webauthn:extension:credBlob: true, webauthn:extension:largeBlob: true, webauthn:extension:minPinLength: true, webauthn:extension:prf: true, webauthn:virtualAuthenticators: true}
Element: [[ChromeDriver: chrome on linux (a73b7af5eeda0c1edbd35fdbc243b3da)] -&amp;gt; xpath: //clr-icon[@title=&amp;apos;Dataset Management&amp;apos;]]
Session ID: a73b7af5eeda0c1edbd35fdbc243b3da">
      <![CDATA[org.openqa.selenium.ElementClickInterceptedException: element click intercepted: Element <clr-icon _ngcontent-llw-c4="" class="nav-icon" clrverticalnavicon="" role="none" shape="view-list" title="Dataset Management">...</clr-icon> is not clickable at point (23, 578). Other element would receive the click: <div _ngcontent-llw-c1="" class="modal-backdrop ng-trigger ng-trigger-fade" aria-hidden="true"></div>
  (Session info: chrome=138.0.7204.157)
Build info: version: '4.28.1', revision: '73f5ad48a2'
System info: os.name: 'Linux', os.arch: 'amd64', os.version: '6.8.0-60-generic', java.version: '11.0.27'
Driver info: org.openqa.selenium.chrome.ChromeDriver
Command: [a73b7af5eeda0c1edbd35fdbc243b3da, clickElement {id=f.606E0CC7722716BFBEA656D9DA950A09.d.B985F143158368A654926FAB86119BFF.e.126}]
Capabilities {acceptInsecureCerts: false, browserName: chrome, browserVersion: 138.0.7204.157, chrome: {chromedriverVersion: 138.0.7204.157 (e533e98b126..., userDataDir: /tmp/.org.chromium.Chromium...}, fedcm:accounts: true, goog:chromeOptions: {debuggerAddress: localhost:38035}, networkConnectionEnabled: false, pageLoadStrategy: normal, platformName: linux, proxy: Proxy(), se:cdp: ws://localhost:38035/devtoo..., se:cdpVersion: 138.0.7204.157, setWindowRect: true, strictFileInteractability: false, timeouts: {implicit: 0, pageLoad: 300000, script: 30000}, unhandledPromptBehavior: dismiss and notify, webauthn:extension:credBlob: true, webauthn:extension:largeBlob: true, webauthn:extension:minPinLength: true, webauthn:extension:prf: true, webauthn:virtualAuthenticators: true}
Element: [[ChromeDriver: chrome on linux (a73b7af5eeda0c1edbd35fdbc243b3da)] -> xpath: //clr-icon[@title='Dataset Management']]
Session ID: a73b7af5eeda0c1edbd35fdbc243b3da
at org.openqa.selenium.remote.ErrorCodec.decode(ErrorCodec.java:167)
at org.openqa.selenium.remote.codec.w3c.W3CHttpResponseCodec.decode(W3CHttpResponseCodec.java:138)
at org.openqa.selenium.remote.codec.w3c.W3CHttpResponseCodec.decode(W3CHttpResponseCodec.java:50)
at org.openqa.selenium.remote.HttpCommandExecutor.execute(HttpCommandExecutor.java:215)
at org.openqa.selenium.remote.service.DriverCommandExecutor.invokeExecute(DriverCommandExecutor.java:216)
at org.openqa.selenium.remote.service.DriverCommandExecutor.execute(DriverCommandExecutor.java:174)
at org.openqa.selenium.remote.RemoteWebDriver.execute(RemoteWebDriver.java:545)
at org.openqa.selenium.remote.RemoteWebElement.execute(RemoteWebElement.java:223)
at org.openqa.selenium.remote.RemoteWebElement.click(RemoteWebElement.java:76)
at org.openqa.selenium.support.pagefactory.internal.LocatingElementHandler.invoke(LocatingElementHandler.java:51)
at com.sun.proxy.$Proxy23.click(Unknown Source)
at com.cng.pom.DatasetManagmentPage.setDatasetPage(DatasetManagmentPage.java:41)
at com.cng.testscript.TestScript.testDatasetManagmentPage(TestScript.java:304)
at java.base/java.util.concurrent.Executors$RunnableAdapter.call(Executors.java:515)
at java.base/java.util.concurrent.FutureTask.run(FutureTask.java:264)
at java.base/java.util.concurrent.ThreadPoolExecutor.runWorker(ThreadPoolExecutor.java:1128)
at java.base/java.util.concurrent.ThreadPoolExecutor$Worker.run(ThreadPoolExecutor.java:628)
at java.base/java.lang.Thread.run(Thread.java:829)
... Removed 20 stack frames]]>
    </failure>
  </testcase> <!-- testDatasetManagmentPage -->
  <testcase classname="com.cng.testscript.TestScript" name="usecaseList" time="65.027"/>
  <testcase classname="com.cng.testscript.TestScript" name="testAddUsersPage" time="8.281">
    <failure type="org.openqa.selenium.ElementClickInterceptedException" message="element click intercepted: Element &amp;lt;clr-icon _ngcontent-llw-c4=&amp;quot;&amp;quot; class=&amp;quot;nav-icon&amp;quot; clrverticalnavicon=&amp;quot;&amp;quot; role=&amp;quot;none&amp;quot; shape=&amp;quot;users&amp;quot; title=&amp;quot;Users&amp;quot;&amp;gt;...&amp;lt;/clr-icon&amp;gt; is not clickable at point (23, 338). Other element would receive the click: &amp;lt;div _ngcontent-llw-c1=&amp;quot;&amp;quot; class=&amp;quot;modal-backdrop ng-trigger ng-trigger-fade&amp;quot; aria-hidden=&amp;quot;true&amp;quot;&amp;gt;&amp;lt;/div&amp;gt;
  (Session info: chrome=138.0.7204.157)
Build info: version: &amp;apos;4.28.1&amp;apos;, revision: &amp;apos;73f5ad48a2&amp;apos;
System info: os.name: &amp;apos;Linux&amp;apos;, os.arch: &amp;apos;amd64&amp;apos;, os.version: &amp;apos;6.8.0-60-generic&amp;apos;, java.version: &amp;apos;11.0.27&amp;apos;
Driver info: org.openqa.selenium.chrome.ChromeDriver
Command: [a73b7af5eeda0c1edbd35fdbc243b3da, clickElement {id=f.606E0CC7722716BFBEA656D9DA950A09.d.B985F143158368A654926FAB86119BFF.e.129}]
Capabilities {acceptInsecureCerts: false, browserName: chrome, browserVersion: 138.0.7204.157, chrome: {chromedriverVersion: 138.0.7204.157 (e533e98b126..., userDataDir: /tmp/.org.chromium.Chromium...}, fedcm:accounts: true, goog:chromeOptions: {debuggerAddress: localhost:38035}, networkConnectionEnabled: false, pageLoadStrategy: normal, platformName: linux, proxy: Proxy(), se:cdp: ws://localhost:38035/devtoo..., se:cdpVersion: 138.0.7204.157, setWindowRect: true, strictFileInteractability: false, timeouts: {implicit: 0, pageLoad: 300000, script: 30000}, unhandledPromptBehavior: dismiss and notify, webauthn:extension:credBlob: true, webauthn:extension:largeBlob: true, webauthn:extension:minPinLength: true, webauthn:extension:prf: true, webauthn:virtualAuthenticators: true}
Element: [[ChromeDriver: chrome on linux (a73b7af5eeda0c1edbd35fdbc243b3da)] -&amp;gt; xpath: //clr-icon[@title=&amp;apos;Users&amp;apos;]]
Session ID: a73b7af5eeda0c1edbd35fdbc243b3da">
      <![CDATA[org.openqa.selenium.ElementClickInterceptedException: element click intercepted: Element <clr-icon _ngcontent-llw-c4="" class="nav-icon" clrverticalnavicon="" role="none" shape="users" title="Users">...</clr-icon> is not clickable at point (23, 338). Other element would receive the click: <div _ngcontent-llw-c1="" class="modal-backdrop ng-trigger ng-trigger-fade" aria-hidden="true"></div>
  (Session info: chrome=138.0.7204.157)
Build info: version: '4.28.1', revision: '73f5ad48a2'
System info: os.name: 'Linux', os.arch: 'amd64', os.version: '6.8.0-60-generic', java.version: '11.0.27'
Driver info: org.openqa.selenium.chrome.ChromeDriver
Command: [a73b7af5eeda0c1edbd35fdbc243b3da, clickElement {id=f.606E0CC7722716BFBEA656D9DA950A09.d.B985F143158368A654926FAB86119BFF.e.129}]
Capabilities {acceptInsecureCerts: false, browserName: chrome, browserVersion: 138.0.7204.157, chrome: {chromedriverVersion: 138.0.7204.157 (e533e98b126..., userDataDir: /tmp/.org.chromium.Chromium...}, fedcm:accounts: true, goog:chromeOptions: {debuggerAddress: localhost:38035}, networkConnectionEnabled: false, pageLoadStrategy: normal, platformName: linux, proxy: Proxy(), se:cdp: ws://localhost:38035/devtoo..., se:cdpVersion: 138.0.7204.157, setWindowRect: true, strictFileInteractability: false, timeouts: {implicit: 0, pageLoad: 300000, script: 30000}, unhandledPromptBehavior: dismiss and notify, webauthn:extension:credBlob: true, webauthn:extension:largeBlob: true, webauthn:extension:minPinLength: true, webauthn:extension:prf: true, webauthn:virtualAuthenticators: true}
Element: [[ChromeDriver: chrome on linux (a73b7af5eeda0c1edbd35fdbc243b3da)] -> xpath: //clr-icon[@title='Users']]
Session ID: a73b7af5eeda0c1edbd35fdbc243b3da
at org.openqa.selenium.remote.ErrorCodec.decode(ErrorCodec.java:167)
at org.openqa.selenium.remote.codec.w3c.W3CHttpResponseCodec.decode(W3CHttpResponseCodec.java:138)
at org.openqa.selenium.remote.codec.w3c.W3CHttpResponseCodec.decode(W3CHttpResponseCodec.java:50)
at org.openqa.selenium.remote.HttpCommandExecutor.execute(HttpCommandExecutor.java:215)
at org.openqa.selenium.remote.service.DriverCommandExecutor.invokeExecute(DriverCommandExecutor.java:216)
at org.openqa.selenium.remote.service.DriverCommandExecutor.execute(DriverCommandExecutor.java:174)
at org.openqa.selenium.remote.RemoteWebDriver.execute(RemoteWebDriver.java:545)
at org.openqa.selenium.remote.RemoteWebElement.execute(RemoteWebElement.java:223)
at org.openqa.selenium.remote.RemoteWebElement.click(RemoteWebElement.java:76)
at org.openqa.selenium.support.pagefactory.internal.LocatingElementHandler.invoke(LocatingElementHandler.java:51)
at com.sun.proxy.$Proxy23.click(Unknown Source)
at com.cng.pom.UserPage.setAddUsers(UserPage.java:130)
at com.cng.testscript.TestScript.testAddUsersPage(TestScript.java:213)
at java.base/java.util.concurrent.Executors$RunnableAdapter.call(Executors.java:515)
at java.base/java.util.concurrent.FutureTask.run(FutureTask.java:264)
at java.base/java.util.concurrent.ThreadPoolExecutor.runWorker(ThreadPoolExecutor.java:1128)
at java.base/java.util.concurrent.ThreadPoolExecutor$Worker.run(ThreadPoolExecutor.java:628)
at java.base/java.lang.Thread.run(Thread.java:829)
... Removed 20 stack frames]]>
    </failure>
  </testcase> <!-- testAddUsersPage -->
  <testcase classname="com.cng.testscript.TestScript" name="cameraStatus" time="72.297"/>
  <testcase classname="com.cng.testscript.TestScript" name="testDeleteUser" time="0.0">
    <ignored/>
  </testcase> <!-- testDeleteUser -->
  <testcase classname="com.cng.testscript.TestScript" name="testUserDetails" time="0.0">
    <ignored/>
  </testcase> <!-- testUserDetails -->
  <testcase classname="com.cng.testscript.TestScript" name="testUserPasswordReset" time="0.0">
    <ignored/>
  </testcase> <!-- testUserPasswordReset -->
  <testcase classname="com.cng.testscript.TestScript" name="testEditUserDetails" time="0.0">
    <ignored/>
  </testcase> <!-- testEditUserDetails -->
</testsuite> <!-- Test -->
