<?xml version="1.0" encoding="UTF-8"?>
<!-- Generated by org.testng.reporters.JUnitXMLReporter -->
<testsuite ignored="0" hostname="IW" failures="1" tests="1" name="Test" time="17.462" errors="0" timestamp="2025-06-25T10:51:18 IST">
  <testcase classname="com.cng.testscript.Login" name="checkPassword" time="0.027">
    <failure type="java.lang.NullPointerException">
      <![CDATA[java.lang.NullPointerException
at com.cng.testscript.Login.checkPassword(Login.java:18)
at java.base/java.util.ArrayList.forEach(ArrayList.java:1541)
... Removed 27 stack frames]]>
    </failure>
  </testcase> <!-- checkPassword -->
</testsuite> <!-- Test -->
