<?xml version="1.0" encoding="UTF-8"?>
<!-- Generated by org.testng.reporters.JUnitXMLReporter -->
<testsuite ignored="8" hostname="IW" failures="1" tests="3" name="Test" time="88.502" errors="0" timestamp="2025-06-26T17:37:13 IST">
  <testcase classname="com.cng.testscript.TestScript" name="testCustomerPage" time="14.582">
    <failure type="org.openqa.selenium.ElementClickInterceptedException" message="element click intercepted: Element &amp;lt;input aria-autocomplete=&amp;quot;list&amp;quot; type=&amp;quot;text&amp;quot; autocorrect=&amp;quot;off&amp;quot; autocapitalize=&amp;quot;off&amp;quot; autocomplete=&amp;quot;abb5a6760091&amp;quot;&amp;gt; is not clickable at point (1270, 283). Other element would receive the click: &amp;lt;div class=&amp;quot;loader-spinner-wrpr ng-star-inserted&amp;quot;&amp;gt;...&amp;lt;/div&amp;gt;
  (Session info: chrome=137.0.7151.119)
Build info: version: &amp;apos;4.28.1&amp;apos;, revision: &amp;apos;73f5ad48a2&amp;apos;
System info: os.name: &amp;apos;Linux&amp;apos;, os.arch: &amp;apos;amd64&amp;apos;, os.version: &amp;apos;6.8.0-60-generic&amp;apos;, java.version: &amp;apos;11.0.27&amp;apos;
Driver info: org.openqa.selenium.chrome.ChromeDriver
Command: [22511a665b1aaddb4f03cb69bab4877f, clickElement {id=f.92BE6E1E1A012B3B2865F3C4C5A50662.d.FB49F0F8045C1CE85614A9403332C47B.e.108}]
Capabilities {acceptInsecureCerts: false, browserName: chrome, browserVersion: 137.0.7151.119, chrome: {chromedriverVersion: 137.0.7151.119 (e0ac9d12dff..., userDataDir: /tmp/.org.chromium.Chromium...}, fedcm:accounts: true, goog:chromeOptions: {debuggerAddress: localhost:39839}, networkConnectionEnabled: false, pageLoadStrategy: normal, platformName: linux, proxy: Proxy(), se:cdp: ws://localhost:39839/devtoo..., se:cdpVersion: 137.0.7151.119, setWindowRect: true, strictFileInteractability: false, timeouts: {implicit: 0, pageLoad: 300000, script: 30000}, unhandledPromptBehavior: dismiss and notify, webauthn:extension:credBlob: true, webauthn:extension:largeBlob: true, webauthn:extension:minPinLength: true, webauthn:extension:prf: true, webauthn:virtualAuthenticators: true}
Element: [[ChromeDriver: chrome on linux (22511a665b1aaddb4f03cb69bab4877f)] -&amp;gt; xpath: //div[@role=&amp;apos;combobox&amp;apos;]/input]
Session ID: 22511a665b1aaddb4f03cb69bab4877f">
      <![CDATA[org.openqa.selenium.ElementClickInterceptedException: element click intercepted: Element <input aria-autocomplete="list" type="text" autocorrect="off" autocapitalize="off" autocomplete="abb5a6760091"> is not clickable at point (1270, 283). Other element would receive the click: <div class="loader-spinner-wrpr ng-star-inserted">...</div>
  (Session info: chrome=137.0.7151.119)
Build info: version: '4.28.1', revision: '73f5ad48a2'
System info: os.name: 'Linux', os.arch: 'amd64', os.version: '6.8.0-60-generic', java.version: '11.0.27'
Driver info: org.openqa.selenium.chrome.ChromeDriver
Command: [22511a665b1aaddb4f03cb69bab4877f, clickElement {id=f.92BE6E1E1A012B3B2865F3C4C5A50662.d.FB49F0F8045C1CE85614A9403332C47B.e.108}]
Capabilities {acceptInsecureCerts: false, browserName: chrome, browserVersion: 137.0.7151.119, chrome: {chromedriverVersion: 137.0.7151.119 (e0ac9d12dff..., userDataDir: /tmp/.org.chromium.Chromium...}, fedcm:accounts: true, goog:chromeOptions: {debuggerAddress: localhost:39839}, networkConnectionEnabled: false, pageLoadStrategy: normal, platformName: linux, proxy: Proxy(), se:cdp: ws://localhost:39839/devtoo..., se:cdpVersion: 137.0.7151.119, setWindowRect: true, strictFileInteractability: false, timeouts: {implicit: 0, pageLoad: 300000, script: 30000}, unhandledPromptBehavior: dismiss and notify, webauthn:extension:credBlob: true, webauthn:extension:largeBlob: true, webauthn:extension:minPinLength: true, webauthn:extension:prf: true, webauthn:virtualAuthenticators: true}
Element: [[ChromeDriver: chrome on linux (22511a665b1aaddb4f03cb69bab4877f)] -> xpath: //div[@role='combobox']/input]
Session ID: 22511a665b1aaddb4f03cb69bab4877f
at org.openqa.selenium.remote.ErrorCodec.decode(ErrorCodec.java:167)
at org.openqa.selenium.remote.codec.w3c.W3CHttpResponseCodec.decode(W3CHttpResponseCodec.java:138)
at org.openqa.selenium.remote.codec.w3c.W3CHttpResponseCodec.decode(W3CHttpResponseCodec.java:50)
at org.openqa.selenium.remote.HttpCommandExecutor.execute(HttpCommandExecutor.java:215)
at org.openqa.selenium.remote.service.DriverCommandExecutor.invokeExecute(DriverCommandExecutor.java:216)
at org.openqa.selenium.remote.service.DriverCommandExecutor.execute(DriverCommandExecutor.java:174)
at org.openqa.selenium.remote.RemoteWebDriver.execute(RemoteWebDriver.java:545)
at org.openqa.selenium.remote.RemoteWebElement.execute(RemoteWebElement.java:223)
at org.openqa.selenium.remote.RemoteWebElement.click(RemoteWebElement.java:76)
at org.openqa.selenium.support.pagefactory.internal.LocatingElementHandler.invoke(LocatingElementHandler.java:51)
at com.sun.proxy.$Proxy24.click(Unknown Source)
at com.cng.pom.CustomerPage.setAddCustomer(CustomerPage.java:123)
at com.cng.testscript.TestScript.testCustomerPage(TestScript.java:49)
at java.base/java.util.ArrayList.forEach(ArrayList.java:1541)
... Removed 35 stack frames]]>
    </failure>
  </testcase> <!-- testCustomerPage -->
  <testcase classname="com.cng.testscript.TestScript" name="testSitePage" time="17.405"/>
  <testcase classname="com.cng.testscript.TestScript" name="testUserSessionPage" time="12.818"/>
  <testcase classname="com.cng.testscript.TestScript" name="testDeleteUser" time="0.0">
    <ignored/>
  </testcase> <!-- testDeleteUser -->
  <testcase classname="com.cng.testscript.TestScript" name="testEditUserDetails" time="0.0">
    <ignored/>
  </testcase> <!-- testEditUserDetails -->
  <testcase classname="com.cng.testscript.TestScript" name="testCustomerConfigPage" time="0.0">
    <ignored/>
  </testcase> <!-- testCustomerConfigPage -->
  <testcase classname="com.cng.testscript.TestScript" name="testAssertManagmentPage" time="0.0">
    <ignored/>
  </testcase> <!-- testAssertManagmentPage -->
  <testcase classname="com.cng.testscript.TestScript" name="testDatasetManagmentPage" time="0.0">
    <ignored/>
  </testcase> <!-- testDatasetManagmentPage -->
  <testcase classname="com.cng.testscript.TestScript" name="testUserPasswordReset" time="0.0">
    <ignored/>
  </testcase> <!-- testUserPasswordReset -->
  <testcase classname="com.cng.testscript.TestScript" name="testUserDetails" time="0.0">
    <ignored/>
  </testcase> <!-- testUserDetails -->
  <testcase classname="com.cng.testscript.TestScript" name="testAddUsersPage" time="0.0">
    <ignored/>
  </testcase> <!-- testAddUsersPage -->
</testsuite> <!-- Test -->
